2021-04-16T14:53:44.043Z|info : amplify add auth  
2021-04-16T14:53:57.242Z|info : amplify-provider-awscloudformation.system-config-manager.getProfileConfig(["default"])
2021-04-16T14:53:57.243Z|info : amplify-provider-awscloudformation.system-config-manager.getProfiledAwsConfig.profileConfig([{"region":"us-east-2"}])
2021-04-16T14:53:57.243Z|info : amplify-provider-awscloudformation.system-config-manager.getProfileCredentials(["default"])
2021-04-16T14:54:36.079Z|info : amplify push core  
2021-04-16T14:54:49.011Z|info : amplify-provider-awscloudformation.system-config-manager.getProfileConfig(["default"])
2021-04-16T14:54:49.013Z|info : amplify-provider-awscloudformation.system-config-manager.getProfiledAwsConfig.profileConfig([{"region":"us-east-2"}])
2021-04-16T14:54:49.013Z|info : amplify-provider-awscloudformation.system-config-manager.getProfileCredentials(["default"])
2021-04-16T14:54:49.295Z|info : amplify-provider-awscloudformation.system-config-manager.getProfileConfig(["default"])
2021-04-16T14:54:49.295Z|info : amplify-provider-awscloudformation.system-config-manager.getProfiledAwsConfig.profileConfig([{"region":"us-east-2"}])
2021-04-16T14:54:49.295Z|info : amplify-provider-awscloudformation.system-config-manager.getProfileCredentials(["default"])
2021-04-16T14:54:49.317Z|info : amplify-provider-awscloudformation.zip-util.downloadZip.s3.getFile([{"Key":"[***]rent-[***]ud-[***]d.zip"},null])
2021-04-16T14:54:49.322Z|info : amplify-provider-awscloudformation.aws-s3.s3.getFile([{"Key":"[***]rent-[***]ud-[***]d.zip","Bucket":"[***]ify-[***]fydemo-[***]ev-[***]634-[***]ment"}])
2021-04-16T14:54:49.618Z|info : amplify-provider-awscloudformation.system-config-manager.getProfileConfig(["default"])
2021-04-16T14:54:49.618Z|info : amplify-provider-awscloudformation.system-config-manager.getProfiledAwsConfig.profileConfig([{"region":"us-east-2"}])
2021-04-16T14:54:49.618Z|info : amplify-provider-awscloudformation.system-config-manager.getProfileCredentials(["default"])
2021-04-16T14:54:49.630Z|info : amplify-provider-awscloudformation.initialize-env.run.cfn.updateamplifyMetaFileWithStackOutputs([{"StackName":"[***]ify-[***]fydemo-[***]ev-[***]634"}])
2021-04-16T14:54:49.634Z|info : amplify-provider-awscloudformation.aws-cfn.updateamplifyMetaFileWithStackOutputs.cfn.describeStackResources([{"StackName":"[***]ify-[***]fydemo-[***]ev-[***]634"}])
2021-04-16T14:54:49.917Z|info : amplify-provider-awscloudformation.aws-s3.s3.getFile([{"Key":"[***]ify-[***]json","Bucket":"[***]ify-[***]fydemo-[***]ev-[***]634-[***]ment"}])
2021-04-16T14:54:59.938Z|info : amplify-provider-awscloudformation.aws-s3.uploadFile.s3.putObject([{"Key":"[***]ify-[***]fn-[***]ates/[***]th/[***]of90a2049-[***]mation-[***]e.yml","Bucket":"[***]ify-[***]fydemo-[***]ev-[***]634-[***]ment"}])
2021-04-16T14:55:00.430Z|info : amplify-provider-awscloudformation.system-config-manager.getProfileConfig(["default"])
2021-04-16T14:55:00.430Z|info : amplify-provider-awscloudformation.system-config-manager.getProfiledAwsConfig.profileConfig([{"region":"us-east-2"}])
2021-04-16T14:55:00.430Z|info : amplify-provider-awscloudformation.system-config-manager.getProfileCredentials(["default"])
2021-04-16T14:55:00.431Z|info : amplify-provider-awscloudformation.push-resources.updateCloudFormationNestedStack(["C:\\Users\\jharris\\NTTDATA\\NTTASSETS\\NUXT\\jlh_nuxtwind\\amplify\\backend\\awscloudformation","C:\\Users\\jharris\\NTTDATA\\NTTASSETS\\NUXT\\jlh_nuxtwind\\amplify\\backend\\awscloudformation\\nested-cloudformation-stack.yml"])
2021-04-16T14:55:00.440Z|info : amplify-provider-awscloudformation.aws-cfn.updateResourceStack.s3.uploadFile([{}])
2021-04-16T14:55:00.440Z|info : amplify-provider-awscloudformation.aws-s3.uploadFile.s3.putObject([{"Key":"[***]ted-[***]mation-[***].yml","Bucket":"[***]ify-[***]fydemo-[***]ev-[***]634-[***]ment"}])
2021-04-16T14:55:00.726Z|info : amplify-provider-awscloudformation.aws-cfn.updateResourceStack.describeStack([{"StackName":"[***]ify-[***]fydemo-[***]ev-[***]634"}])
2021-04-16T14:55:00.726Z|info : amplify-provider-awscloudformation.aws-cfn.describeStack.cfn.describeStacks([{"StackName":"[***]ify-[***]fydemo-[***]ev-[***]634"}])
2021-04-16T14:55:00.973Z|info : amplify-provider-awscloudformation.aws-cfn.updateResourceStack.updateStack([{"StackName":"[***]ify-[***]fydemo-[***]ev-[***]634"}])
2021-04-16T14:55:06.559Z|info : amplify-provider-awscloudformation.aws-cfn.getStackEvents.cfnModel.describeStackEvents([{"StackName":"[***]ify-[***]fydemo-[***]ev-[***]634"}])
2021-04-16T14:55:06.851Z|info : amplify-provider-awscloudformation.aws-cfn.getStackEvents.cfnModel.describeStackEvents([{"StackName":"[***]rmation:us-[***]st-[***]68:stack/[***]ify-[***]fydemo-[***]ev-[***]634/[***]1e00-[***]31-[***]eb-[***]47-[***]aa148"}])
2021-04-16T14:55:11.555Z|info : amplify-provider-awscloudformation.aws-cfn.getStackEvents.cfnModel.describeStackEvents([{"StackName":"[***]ify-[***]fydemo-[***]ev-[***]634"}])
2021-04-16T14:55:11.853Z|info : amplify-provider-awscloudformation.aws-cfn.getStackEvents.cfnModel.describeStackEvents([{"StackName":"[***]rmation:us-[***]st-[***]68:stack/[***]ify-[***]fydemo-[***]ev-[***]634-[***]mof90a2049-[***]AXLQQ/[***]59d0-[***]c3-[***]eb-[***]92-[***]e9782"}])
2021-04-16T14:55:11.951Z|info : amplify-provider-awscloudformation.aws-cfn.getStackEvents.cfnModel.describeStackEvents([{"StackName":"[***]rmation:us-[***]st-[***]68:stack/[***]ify-[***]fydemo-[***]ev-[***]634/[***]1e00-[***]31-[***]eb-[***]47-[***]aa148"}])
2021-04-16T14:55:12.216Z|info : amplify-provider-awscloudformation.aws-cfn.getStackEvents.cfnModel.describeStackEvents([{"StackName":"[***]rmation:us-[***]st-[***]68:stack/[***]ify-[***]fydemo-[***]ev-[***]634-[***]mof90a2049-[***]AXLQQ/[***]59d0-[***]c3-[***]eb-[***]92-[***]e9782"}])
2021-04-16T14:55:16.558Z|info : amplify-provider-awscloudformation.aws-cfn.getStackEvents.cfnModel.describeStackEvents([{"StackName":"[***]ify-[***]fydemo-[***]ev-[***]634"}])
2021-04-16T14:55:16.878Z|info : amplify-provider-awscloudformation.aws-cfn.getStackEvents.cfnModel.describeStackEvents([{"StackName":"[***]rmation:us-[***]st-[***]68:stack/[***]ify-[***]fydemo-[***]ev-[***]634-[***]mof90a2049-[***]AXLQQ/[***]59d0-[***]c3-[***]eb-[***]92-[***]e9782"}])
2021-04-16T14:55:16.977Z|info : amplify-provider-awscloudformation.aws-cfn.getStackEvents.cfnModel.describeStackEvents([{"StackName":"[***]rmation:us-[***]st-[***]68:stack/[***]ify-[***]fydemo-[***]ev-[***]634/[***]1e00-[***]31-[***]eb-[***]47-[***]aa148"}])
2021-04-16T14:55:17.256Z|info : amplify-provider-awscloudformation.aws-cfn.getStackEvents.cfnModel.describeStackEvents([{"StackName":"[***]rmation:us-[***]st-[***]68:stack/[***]ify-[***]fydemo-[***]ev-[***]634-[***]mof90a2049-[***]AXLQQ/[***]59d0-[***]c3-[***]eb-[***]92-[***]e9782"}])
2021-04-16T14:55:21.558Z|info : amplify-provider-awscloudformation.aws-cfn.getStackEvents.cfnModel.describeStackEvents([{"StackName":"[***]ify-[***]fydemo-[***]ev-[***]634"}])
2021-04-16T14:55:21.879Z|info : amplify-provider-awscloudformation.aws-cfn.getStackEvents.cfnModel.describeStackEvents([{"StackName":"[***]rmation:us-[***]st-[***]68:stack/[***]ify-[***]fydemo-[***]ev-[***]634-[***]mof90a2049-[***]AXLQQ/[***]59d0-[***]c3-[***]eb-[***]92-[***]e9782"}])
2021-04-16T14:55:21.977Z|info : amplify-provider-awscloudformation.aws-cfn.getStackEvents.cfnModel.describeStackEvents([{"StackName":"[***]rmation:us-[***]st-[***]68:stack/[***]ify-[***]fydemo-[***]ev-[***]634/[***]1e00-[***]31-[***]eb-[***]47-[***]aa148"}])
2021-04-16T14:55:22.245Z|info : amplify-provider-awscloudformation.aws-cfn.getStackEvents.cfnModel.describeStackEvents([{"StackName":"[***]rmation:us-[***]st-[***]68:stack/[***]ify-[***]fydemo-[***]ev-[***]634-[***]mof90a2049-[***]AXLQQ/[***]59d0-[***]c3-[***]eb-[***]92-[***]e9782"}])
2021-04-16T14:55:26.557Z|info : amplify-provider-awscloudformation.aws-cfn.getStackEvents.cfnModel.describeStackEvents([{"StackName":"[***]ify-[***]fydemo-[***]ev-[***]634"}])
2021-04-16T14:55:26.873Z|info : amplify-provider-awscloudformation.aws-cfn.getStackEvents.cfnModel.describeStackEvents([{"StackName":"[***]rmation:us-[***]st-[***]68:stack/[***]ify-[***]fydemo-[***]ev-[***]634-[***]mof90a2049-[***]AXLQQ/[***]59d0-[***]c3-[***]eb-[***]92-[***]e9782"}])
2021-04-16T14:55:26.972Z|info : amplify-provider-awscloudformation.aws-cfn.getStackEvents.cfnModel.describeStackEvents([{"StackName":"[***]rmation:us-[***]st-[***]68:stack/[***]ify-[***]fydemo-[***]ev-[***]634/[***]1e00-[***]31-[***]eb-[***]47-[***]aa148"}])
2021-04-16T14:55:27.238Z|info : amplify-provider-awscloudformation.aws-cfn.getStackEvents.cfnModel.describeStackEvents([{"StackName":"[***]rmation:us-[***]st-[***]68:stack/[***]ify-[***]fydemo-[***]ev-[***]634-[***]mof90a2049-[***]AXLQQ/[***]59d0-[***]c3-[***]eb-[***]92-[***]e9782"}])
2021-04-16T14:55:31.557Z|info : amplify-provider-awscloudformation.aws-cfn.getStackEvents.cfnModel.describeStackEvents([{"StackName":"[***]ify-[***]fydemo-[***]ev-[***]634"}])
2021-04-16T14:55:31.880Z|info : amplify-provider-awscloudformation.aws-cfn.getStackEvents.cfnModel.describeStackEvents([{"StackName":"[***]rmation:us-[***]st-[***]68:stack/[***]ify-[***]fydemo-[***]ev-[***]634-[***]mof90a2049-[***]AXLQQ/[***]59d0-[***]c3-[***]eb-[***]92-[***]e9782"}])
2021-04-16T14:55:31.980Z|info : amplify-provider-awscloudformation.aws-cfn.getStackEvents.cfnModel.describeStackEvents([{"StackName":"[***]rmation:us-[***]st-[***]68:stack/[***]ify-[***]fydemo-[***]ev-[***]634/[***]1e00-[***]31-[***]eb-[***]47-[***]aa148"}])
2021-04-16T14:55:32.256Z|info : amplify-provider-awscloudformation.aws-cfn.getStackEvents.cfnModel.describeStackEvents([{"StackName":"[***]rmation:us-[***]st-[***]68:stack/[***]ify-[***]fydemo-[***]ev-[***]634-[***]mof90a2049-[***]AXLQQ/[***]59d0-[***]c3-[***]eb-[***]92-[***]e9782"}])
2021-04-16T14:55:36.557Z|info : amplify-provider-awscloudformation.aws-cfn.getStackEvents.cfnModel.describeStackEvents([{"StackName":"[***]ify-[***]fydemo-[***]ev-[***]634"}])
2021-04-16T14:55:36.860Z|info : amplify-provider-awscloudformation.aws-cfn.getStackEvents.cfnModel.describeStackEvents([{"StackName":"[***]rmation:us-[***]st-[***]68:stack/[***]ify-[***]fydemo-[***]ev-[***]634-[***]mof90a2049-[***]AXLQQ/[***]59d0-[***]c3-[***]eb-[***]92-[***]e9782"}])
2021-04-16T14:55:36.960Z|info : amplify-provider-awscloudformation.aws-cfn.getStackEvents.cfnModel.describeStackEvents([{"StackName":"[***]rmation:us-[***]st-[***]68:stack/[***]ify-[***]fydemo-[***]ev-[***]634/[***]1e00-[***]31-[***]eb-[***]47-[***]aa148"}])
2021-04-16T14:55:37.225Z|info : amplify-provider-awscloudformation.aws-cfn.getStackEvents.cfnModel.describeStackEvents([{"StackName":"[***]rmation:us-[***]st-[***]68:stack/[***]ify-[***]fydemo-[***]ev-[***]634-[***]mof90a2049-[***]AXLQQ/[***]59d0-[***]c3-[***]eb-[***]92-[***]e9782"}])
2021-04-16T14:55:41.560Z|info : amplify-provider-awscloudformation.aws-cfn.getStackEvents.cfnModel.describeStackEvents([{"StackName":"[***]ify-[***]fydemo-[***]ev-[***]634"}])
2021-04-16T14:55:41.870Z|info : amplify-provider-awscloudformation.aws-cfn.getStackEvents.cfnModel.describeStackEvents([{"StackName":"[***]rmation:us-[***]st-[***]68:stack/[***]ify-[***]fydemo-[***]ev-[***]634-[***]mof90a2049-[***]AXLQQ/[***]59d0-[***]c3-[***]eb-[***]92-[***]e9782"}])
2021-04-16T14:55:41.970Z|info : amplify-provider-awscloudformation.aws-cfn.getStackEvents.cfnModel.describeStackEvents([{"StackName":"[***]rmation:us-[***]st-[***]68:stack/[***]ify-[***]fydemo-[***]ev-[***]634/[***]1e00-[***]31-[***]eb-[***]47-[***]aa148"}])
2021-04-16T14:55:42.244Z|info : amplify-provider-awscloudformation.aws-cfn.getStackEvents.cfnModel.describeStackEvents([{"StackName":"[***]rmation:us-[***]st-[***]68:stack/[***]ify-[***]fydemo-[***]ev-[***]634-[***]mof90a2049-[***]AXLQQ/[***]59d0-[***]c3-[***]eb-[***]92-[***]e9782"}])
2021-04-16T14:55:46.558Z|info : amplify-provider-awscloudformation.aws-cfn.getStackEvents.cfnModel.describeStackEvents([{"StackName":"[***]ify-[***]fydemo-[***]ev-[***]634"}])
2021-04-16T14:55:46.883Z|info : amplify-provider-awscloudformation.aws-cfn.getStackEvents.cfnModel.describeStackEvents([{"StackName":"[***]rmation:us-[***]st-[***]68:stack/[***]ify-[***]fydemo-[***]ev-[***]634-[***]mof90a2049-[***]AXLQQ/[***]59d0-[***]c3-[***]eb-[***]92-[***]e9782"}])
2021-04-16T14:55:46.983Z|info : amplify-provider-awscloudformation.aws-cfn.getStackEvents.cfnModel.describeStackEvents([{"StackName":"[***]rmation:us-[***]st-[***]68:stack/[***]ify-[***]fydemo-[***]ev-[***]634/[***]1e00-[***]31-[***]eb-[***]47-[***]aa148"}])
2021-04-16T14:55:47.253Z|info : amplify-provider-awscloudformation.aws-cfn.getStackEvents.cfnModel.describeStackEvents([{"StackName":"[***]rmation:us-[***]st-[***]68:stack/[***]ify-[***]fydemo-[***]ev-[***]634-[***]mof90a2049-[***]AXLQQ/[***]59d0-[***]c3-[***]eb-[***]92-[***]e9782"}])
2021-04-16T14:55:51.561Z|info : amplify-provider-awscloudformation.aws-cfn.getStackEvents.cfnModel.describeStackEvents([{"StackName":"[***]ify-[***]fydemo-[***]ev-[***]634"}])
2021-04-16T14:55:51.871Z|info : amplify-provider-awscloudformation.aws-cfn.getStackEvents.cfnModel.describeStackEvents([{"StackName":"[***]rmation:us-[***]st-[***]68:stack/[***]ify-[***]fydemo-[***]ev-[***]634-[***]mof90a2049-[***]AXLQQ/[***]59d0-[***]c3-[***]eb-[***]92-[***]e9782"}])
2021-04-16T14:55:51.970Z|info : amplify-provider-awscloudformation.aws-cfn.getStackEvents.cfnModel.describeStackEvents([{"StackName":"[***]rmation:us-[***]st-[***]68:stack/[***]ify-[***]fydemo-[***]ev-[***]634/[***]1e00-[***]31-[***]eb-[***]47-[***]aa148"}])
2021-04-16T14:55:52.241Z|info : amplify-provider-awscloudformation.aws-cfn.getStackEvents.cfnModel.describeStackEvents([{"StackName":"[***]rmation:us-[***]st-[***]68:stack/[***]ify-[***]fydemo-[***]ev-[***]634-[***]mof90a2049-[***]AXLQQ/[***]59d0-[***]c3-[***]eb-[***]92-[***]e9782"}])
2021-04-16T14:55:56.556Z|info : amplify-provider-awscloudformation.aws-cfn.getStackEvents.cfnModel.describeStackEvents([{"StackName":"[***]ify-[***]fydemo-[***]ev-[***]634"}])
2021-04-16T14:55:56.902Z|info : amplify-provider-awscloudformation.aws-cfn.getStackEvents.cfnModel.describeStackEvents([{"StackName":"[***]rmation:us-[***]st-[***]68:stack/[***]ify-[***]fydemo-[***]ev-[***]634-[***]mof90a2049-[***]AXLQQ/[***]59d0-[***]c3-[***]eb-[***]92-[***]e9782"}])
2021-04-16T14:55:57.001Z|info : amplify-provider-awscloudformation.aws-cfn.getStackEvents.cfnModel.describeStackEvents([{"StackName":"[***]rmation:us-[***]st-[***]68:stack/[***]ify-[***]fydemo-[***]ev-[***]634/[***]1e00-[***]31-[***]eb-[***]47-[***]aa148"}])
2021-04-16T14:55:57.274Z|info : amplify-provider-awscloudformation.aws-cfn.getStackEvents.cfnModel.describeStackEvents([{"StackName":"[***]rmation:us-[***]st-[***]68:stack/[***]ify-[***]fydemo-[***]ev-[***]634-[***]mof90a2049-[***]AXLQQ/[***]59d0-[***]c3-[***]eb-[***]92-[***]e9782"}])
2021-04-16T14:56:01.558Z|info : amplify-provider-awscloudformation.aws-cfn.getStackEvents.cfnModel.describeStackEvents([{"StackName":"[***]ify-[***]fydemo-[***]ev-[***]634"}])
2021-04-16T14:56:01.870Z|info : amplify-provider-awscloudformation.aws-cfn.getStackEvents.cfnModel.describeStackEvents([{"StackName":"[***]rmation:us-[***]st-[***]68:stack/[***]ify-[***]fydemo-[***]ev-[***]634-[***]mof90a2049-[***]AXLQQ/[***]59d0-[***]c3-[***]eb-[***]92-[***]e9782"}])
2021-04-16T14:56:01.968Z|info : amplify-provider-awscloudformation.aws-cfn.getStackEvents.cfnModel.describeStackEvents([{"StackName":"[***]rmation:us-[***]st-[***]68:stack/[***]ify-[***]fydemo-[***]ev-[***]634/[***]1e00-[***]31-[***]eb-[***]47-[***]aa148"}])
2021-04-16T14:56:02.261Z|info : amplify-provider-awscloudformation.aws-cfn.getStackEvents.cfnModel.describeStackEvents([{"StackName":"[***]rmation:us-[***]st-[***]68:stack/[***]ify-[***]fydemo-[***]ev-[***]634-[***]mof90a2049-[***]AXLQQ/[***]59d0-[***]c3-[***]eb-[***]92-[***]e9782"}])
2021-04-16T14:56:06.558Z|info : amplify-provider-awscloudformation.aws-cfn.getStackEvents.cfnModel.describeStackEvents([{"StackName":"[***]ify-[***]fydemo-[***]ev-[***]634"}])
2021-04-16T14:56:06.886Z|info : amplify-provider-awscloudformation.aws-cfn.getStackEvents.cfnModel.describeStackEvents([{"StackName":"[***]rmation:us-[***]st-[***]68:stack/[***]ify-[***]fydemo-[***]ev-[***]634-[***]mof90a2049-[***]AXLQQ/[***]59d0-[***]c3-[***]eb-[***]92-[***]e9782"}])
2021-04-16T14:56:06.985Z|info : amplify-provider-awscloudformation.aws-cfn.getStackEvents.cfnModel.describeStackEvents([{"StackName":"[***]rmation:us-[***]st-[***]68:stack/[***]ify-[***]fydemo-[***]ev-[***]634/[***]1e00-[***]31-[***]eb-[***]47-[***]aa148"}])
2021-04-16T14:56:07.266Z|info : amplify-provider-awscloudformation.aws-cfn.getStackEvents.cfnModel.describeStackEvents([{"StackName":"[***]rmation:us-[***]st-[***]68:stack/[***]ify-[***]fydemo-[***]ev-[***]634-[***]mof90a2049-[***]AXLQQ/[***]59d0-[***]c3-[***]eb-[***]92-[***]e9782"}])
2021-04-16T14:56:11.558Z|info : amplify-provider-awscloudformation.aws-cfn.getStackEvents.cfnModel.describeStackEvents([{"StackName":"[***]ify-[***]fydemo-[***]ev-[***]634"}])
2021-04-16T14:56:11.871Z|info : amplify-provider-awscloudformation.aws-cfn.getStackEvents.cfnModel.describeStackEvents([{"StackName":"[***]rmation:us-[***]st-[***]68:stack/[***]ify-[***]fydemo-[***]ev-[***]634-[***]mof90a2049-[***]AXLQQ/[***]59d0-[***]c3-[***]eb-[***]92-[***]e9782"}])
2021-04-16T14:56:11.970Z|info : amplify-provider-awscloudformation.aws-cfn.getStackEvents.cfnModel.describeStackEvents([{"StackName":"[***]rmation:us-[***]st-[***]68:stack/[***]ify-[***]fydemo-[***]ev-[***]634/[***]1e00-[***]31-[***]eb-[***]47-[***]aa148"}])
2021-04-16T14:56:12.243Z|info : amplify-provider-awscloudformation.aws-cfn.getStackEvents.cfnModel.describeStackEvents([{"StackName":"[***]rmation:us-[***]st-[***]68:stack/[***]ify-[***]fydemo-[***]ev-[***]634-[***]mof90a2049-[***]AXLQQ/[***]59d0-[***]c3-[***]eb-[***]92-[***]e9782"}])
2021-04-16T14:56:16.559Z|info : amplify-provider-awscloudformation.aws-cfn.getStackEvents.cfnModel.describeStackEvents([{"StackName":"[***]ify-[***]fydemo-[***]ev-[***]634"}])
2021-04-16T14:56:16.884Z|info : amplify-provider-awscloudformation.aws-cfn.getStackEvents.cfnModel.describeStackEvents([{"StackName":"[***]rmation:us-[***]st-[***]68:stack/[***]ify-[***]fydemo-[***]ev-[***]634-[***]mof90a2049-[***]AXLQQ/[***]59d0-[***]c3-[***]eb-[***]92-[***]e9782"}])
2021-04-16T14:56:16.983Z|info : amplify-provider-awscloudformation.aws-cfn.getStackEvents.cfnModel.describeStackEvents([{"StackName":"[***]rmation:us-[***]st-[***]68:stack/[***]ify-[***]fydemo-[***]ev-[***]634/[***]1e00-[***]31-[***]eb-[***]47-[***]aa148"}])
2021-04-16T14:56:17.263Z|info : amplify-provider-awscloudformation.aws-cfn.getStackEvents.cfnModel.describeStackEvents([{"StackName":"[***]rmation:us-[***]st-[***]68:stack/[***]ify-[***]fydemo-[***]ev-[***]634-[***]mof90a2049-[***]AXLQQ/[***]59d0-[***]c3-[***]eb-[***]92-[***]e9782"}])
2021-04-16T14:56:21.563Z|info : amplify-provider-awscloudformation.aws-cfn.getStackEvents.cfnModel.describeStackEvents([{"StackName":"[***]ify-[***]fydemo-[***]ev-[***]634"}])
2021-04-16T14:56:21.880Z|info : amplify-provider-awscloudformation.aws-cfn.getStackEvents.cfnModel.describeStackEvents([{"StackName":"[***]rmation:us-[***]st-[***]68:stack/[***]ify-[***]fydemo-[***]ev-[***]634-[***]mof90a2049-[***]AXLQQ/[***]59d0-[***]c3-[***]eb-[***]92-[***]e9782"}])
2021-04-16T14:56:21.981Z|info : amplify-provider-awscloudformation.aws-cfn.getStackEvents.cfnModel.describeStackEvents([{"StackName":"[***]rmation:us-[***]st-[***]68:stack/[***]ify-[***]fydemo-[***]ev-[***]634/[***]1e00-[***]31-[***]eb-[***]47-[***]aa148"}])
2021-04-16T14:56:22.261Z|info : amplify-provider-awscloudformation.aws-cfn.getStackEvents.cfnModel.describeStackEvents([{"StackName":"[***]rmation:us-[***]st-[***]68:stack/[***]ify-[***]fydemo-[***]ev-[***]634-[***]mof90a2049-[***]AXLQQ/[***]59d0-[***]c3-[***]eb-[***]92-[***]e9782"}])
2021-04-16T14:56:26.559Z|info : amplify-provider-awscloudformation.aws-cfn.getStackEvents.cfnModel.describeStackEvents([{"StackName":"[***]ify-[***]fydemo-[***]ev-[***]634"}])
2021-04-16T14:56:26.852Z|info : amplify-provider-awscloudformation.aws-cfn.getStackEvents.cfnModel.describeStackEvents([{"StackName":"[***]rmation:us-[***]st-[***]68:stack/[***]ify-[***]fydemo-[***]ev-[***]634-[***]mof90a2049-[***]AXLQQ/[***]59d0-[***]c3-[***]eb-[***]92-[***]e9782"}])
2021-04-16T14:56:26.951Z|info : amplify-provider-awscloudformation.aws-cfn.getStackEvents.cfnModel.describeStackEvents([{"StackName":"[***]rmation:us-[***]st-[***]68:stack/[***]ify-[***]fydemo-[***]ev-[***]634/[***]1e00-[***]31-[***]eb-[***]47-[***]aa148"}])
2021-04-16T14:56:27.215Z|info : amplify-provider-awscloudformation.aws-cfn.getStackEvents.cfnModel.describeStackEvents([{"StackName":"[***]rmation:us-[***]st-[***]68:stack/[***]ify-[***]fydemo-[***]ev-[***]634-[***]mof90a2049-[***]AXLQQ/[***]59d0-[***]c3-[***]eb-[***]92-[***]e9782"}])
2021-04-16T14:56:31.561Z|info : amplify-provider-awscloudformation.aws-cfn.getStackEvents.cfnModel.describeStackEvents([{"StackName":"[***]ify-[***]fydemo-[***]ev-[***]634"}])
2021-04-16T14:56:31.864Z|info : amplify-provider-awscloudformation.aws-cfn.getStackEvents.cfnModel.describeStackEvents([{"StackName":"[***]rmation:us-[***]st-[***]68:stack/[***]ify-[***]fydemo-[***]ev-[***]634-[***]mof90a2049-[***]AXLQQ/[***]59d0-[***]c3-[***]eb-[***]92-[***]e9782"}])
2021-04-16T14:56:31.962Z|info : amplify-provider-awscloudformation.aws-cfn.getStackEvents.cfnModel.describeStackEvents([{"StackName":"[***]rmation:us-[***]st-[***]68:stack/[***]ify-[***]fydemo-[***]ev-[***]634/[***]1e00-[***]31-[***]eb-[***]47-[***]aa148"}])
2021-04-16T14:56:32.246Z|info : amplify-provider-awscloudformation.aws-cfn.getStackEvents.cfnModel.describeStackEvents([{"StackName":"[***]rmation:us-[***]st-[***]68:stack/[***]ify-[***]fydemo-[***]ev-[***]634-[***]mof90a2049-[***]AXLQQ/[***]59d0-[***]c3-[***]eb-[***]92-[***]e9782"}])
2021-04-16T14:56:36.561Z|info : amplify-provider-awscloudformation.aws-cfn.getStackEvents.cfnModel.describeStackEvents([{"StackName":"[***]ify-[***]fydemo-[***]ev-[***]634"}])
2021-04-16T14:56:36.876Z|info : amplify-provider-awscloudformation.aws-cfn.getStackEvents.cfnModel.describeStackEvents([{"StackName":"[***]rmation:us-[***]st-[***]68:stack/[***]ify-[***]fydemo-[***]ev-[***]634-[***]mof90a2049-[***]AXLQQ/[***]59d0-[***]c3-[***]eb-[***]92-[***]e9782"}])
2021-04-16T14:56:36.975Z|info : amplify-provider-awscloudformation.aws-cfn.getStackEvents.cfnModel.describeStackEvents([{"StackName":"[***]rmation:us-[***]st-[***]68:stack/[***]ify-[***]fydemo-[***]ev-[***]634/[***]1e00-[***]31-[***]eb-[***]47-[***]aa148"}])
2021-04-16T14:56:37.251Z|info : amplify-provider-awscloudformation.aws-cfn.getStackEvents.cfnModel.describeStackEvents([{"StackName":"[***]rmation:us-[***]st-[***]68:stack/[***]ify-[***]fydemo-[***]ev-[***]634-[***]mof90a2049-[***]AXLQQ/[***]59d0-[***]c3-[***]eb-[***]92-[***]e9782"}])
2021-04-16T14:56:41.562Z|info : amplify-provider-awscloudformation.aws-cfn.getStackEvents.cfnModel.describeStackEvents([{"StackName":"[***]ify-[***]fydemo-[***]ev-[***]634"}])
2021-04-16T14:56:41.859Z|info : amplify-provider-awscloudformation.aws-cfn.getStackEvents.cfnModel.describeStackEvents([{"StackName":"[***]rmation:us-[***]st-[***]68:stack/[***]ify-[***]fydemo-[***]ev-[***]634-[***]mof90a2049-[***]AXLQQ/[***]59d0-[***]c3-[***]eb-[***]92-[***]e9782"}])
2021-04-16T14:56:41.959Z|info : amplify-provider-awscloudformation.aws-cfn.getStackEvents.cfnModel.describeStackEvents([{"StackName":"[***]rmation:us-[***]st-[***]68:stack/[***]ify-[***]fydemo-[***]ev-[***]634/[***]1e00-[***]31-[***]eb-[***]47-[***]aa148"}])
2021-04-16T14:56:42.233Z|info : amplify-provider-awscloudformation.aws-cfn.getStackEvents.cfnModel.describeStackEvents([{"StackName":"[***]rmation:us-[***]st-[***]68:stack/[***]ify-[***]fydemo-[***]ev-[***]634-[***]mof90a2049-[***]AXLQQ/[***]59d0-[***]c3-[***]eb-[***]92-[***]e9782"}])
2021-04-16T14:56:46.562Z|info : amplify-provider-awscloudformation.aws-cfn.getStackEvents.cfnModel.describeStackEvents([{"StackName":"[***]ify-[***]fydemo-[***]ev-[***]634"}])
2021-04-16T14:56:46.841Z|info : amplify-provider-awscloudformation.aws-cfn.getStackEvents.cfnModel.describeStackEvents([{"StackName":"[***]rmation:us-[***]st-[***]68:stack/[***]ify-[***]fydemo-[***]ev-[***]634-[***]mof90a2049-[***]AXLQQ/[***]59d0-[***]c3-[***]eb-[***]92-[***]e9782"}])
2021-04-16T14:56:46.939Z|info : amplify-provider-awscloudformation.aws-cfn.getStackEvents.cfnModel.describeStackEvents([{"StackName":"[***]rmation:us-[***]st-[***]68:stack/[***]ify-[***]fydemo-[***]ev-[***]634/[***]1e00-[***]31-[***]eb-[***]47-[***]aa148"}])
2021-04-16T14:56:47.224Z|info : amplify-provider-awscloudformation.aws-cfn.getStackEvents.cfnModel.describeStackEvents([{"StackName":"[***]rmation:us-[***]st-[***]68:stack/[***]ify-[***]fydemo-[***]ev-[***]634-[***]mof90a2049-[***]AXLQQ/[***]59d0-[***]c3-[***]eb-[***]92-[***]e9782"}])
2021-04-16T14:56:51.561Z|info : amplify-provider-awscloudformation.aws-cfn.getStackEvents.cfnModel.describeStackEvents([{"StackName":"[***]ify-[***]fydemo-[***]ev-[***]634"}])
2021-04-16T14:56:51.893Z|info : amplify-provider-awscloudformation.aws-cfn.getStackEvents.cfnModel.describeStackEvents([{"StackName":"[***]rmation:us-[***]st-[***]68:stack/[***]ify-[***]fydemo-[***]ev-[***]634-[***]mof90a2049-[***]AXLQQ/[***]59d0-[***]c3-[***]eb-[***]92-[***]e9782"}])
2021-04-16T14:56:51.992Z|info : amplify-provider-awscloudformation.aws-cfn.getStackEvents.cfnModel.describeStackEvents([{"StackName":"[***]rmation:us-[***]st-[***]68:stack/[***]ify-[***]fydemo-[***]ev-[***]634/[***]1e00-[***]31-[***]eb-[***]47-[***]aa148"}])
2021-04-16T14:56:52.272Z|info : amplify-provider-awscloudformation.aws-cfn.getStackEvents.cfnModel.describeStackEvents([{"StackName":"[***]rmation:us-[***]st-[***]68:stack/[***]ify-[***]fydemo-[***]ev-[***]634-[***]mof90a2049-[***]AXLQQ/[***]59d0-[***]c3-[***]eb-[***]92-[***]e9782"}])
2021-04-16T14:56:56.562Z|info : amplify-provider-awscloudformation.aws-cfn.getStackEvents.cfnModel.describeStackEvents([{"StackName":"[***]ify-[***]fydemo-[***]ev-[***]634"}])
2021-04-16T14:56:56.853Z|info : amplify-provider-awscloudformation.aws-cfn.getStackEvents.cfnModel.describeStackEvents([{"StackName":"[***]rmation:us-[***]st-[***]68:stack/[***]ify-[***]fydemo-[***]ev-[***]634-[***]mof90a2049-[***]AXLQQ/[***]59d0-[***]c3-[***]eb-[***]92-[***]e9782"}])
2021-04-16T14:56:56.953Z|info : amplify-provider-awscloudformation.aws-cfn.getStackEvents.cfnModel.describeStackEvents([{"StackName":"[***]rmation:us-[***]st-[***]68:stack/[***]ify-[***]fydemo-[***]ev-[***]634/[***]1e00-[***]31-[***]eb-[***]47-[***]aa148"}])
2021-04-16T14:56:57.237Z|info : amplify-provider-awscloudformation.aws-cfn.getStackEvents.cfnModel.describeStackEvents([{"StackName":"[***]rmation:us-[***]st-[***]68:stack/[***]ify-[***]fydemo-[***]ev-[***]634-[***]mof90a2049-[***]AXLQQ/[***]59d0-[***]c3-[***]eb-[***]92-[***]e9782"}])
2021-04-16T14:57:01.561Z|info : amplify-provider-awscloudformation.aws-cfn.getStackEvents.cfnModel.describeStackEvents([{"StackName":"[***]ify-[***]fydemo-[***]ev-[***]634"}])
2021-04-16T14:57:01.886Z|info : amplify-provider-awscloudformation.aws-cfn.getStackEvents.cfnModel.describeStackEvents([{"StackName":"[***]rmation:us-[***]st-[***]68:stack/[***]ify-[***]fydemo-[***]ev-[***]634-[***]mof90a2049-[***]AXLQQ/[***]59d0-[***]c3-[***]eb-[***]92-[***]e9782"}])
2021-04-16T14:57:01.986Z|info : amplify-provider-awscloudformation.aws-cfn.getStackEvents.cfnModel.describeStackEvents([{"StackName":"[***]rmation:us-[***]st-[***]68:stack/[***]ify-[***]fydemo-[***]ev-[***]634/[***]1e00-[***]31-[***]eb-[***]47-[***]aa148"}])
2021-04-16T14:57:02.265Z|info : amplify-provider-awscloudformation.aws-cfn.getStackEvents.cfnModel.describeStackEvents([{"StackName":"[***]rmation:us-[***]st-[***]68:stack/[***]ify-[***]fydemo-[***]ev-[***]634-[***]mof90a2049-[***]AXLQQ/[***]59d0-[***]c3-[***]eb-[***]92-[***]e9782"}])
2021-04-16T14:57:06.562Z|info : amplify-provider-awscloudformation.aws-cfn.getStackEvents.cfnModel.describeStackEvents([{"StackName":"[***]ify-[***]fydemo-[***]ev-[***]634"}])
2021-04-16T14:57:06.880Z|info : amplify-provider-awscloudformation.aws-cfn.getStackEvents.cfnModel.describeStackEvents([{"StackName":"[***]rmation:us-[***]st-[***]68:stack/[***]ify-[***]fydemo-[***]ev-[***]634/[***]1e00-[***]31-[***]eb-[***]47-[***]aa148"}])
2021-04-16T14:57:11.563Z|info : amplify-provider-awscloudformation.aws-cfn.getStackEvents.cfnModel.describeStackEvents([{"StackName":"[***]ify-[***]fydemo-[***]ev-[***]634"}])
2021-04-16T14:57:11.891Z|info : amplify-provider-awscloudformation.aws-cfn.getStackEvents.cfnModel.describeStackEvents([{"StackName":"[***]rmation:us-[***]st-[***]68:stack/[***]ify-[***]fydemo-[***]ev-[***]634/[***]1e00-[***]31-[***]eb-[***]47-[***]aa148"}])
2021-04-16T14:57:16.563Z|info : amplify-provider-awscloudformation.aws-cfn.getStackEvents.cfnModel.describeStackEvents([{"StackName":"[***]ify-[***]fydemo-[***]ev-[***]634"}])
2021-04-16T14:57:21.566Z|info : amplify-provider-awscloudformation.aws-cfn.getStackEvents.cfnModel.describeStackEvents([{"StackName":"[***]ify-[***]fydemo-[***]ev-[***]634"}])
2021-04-16T14:57:26.570Z|info : amplify-provider-awscloudformation.aws-cfn.getStackEvents.cfnModel.describeStackEvents([{"StackName":"[***]ify-[***]fydemo-[***]ev-[***]634"}])
2021-04-16T14:57:31.565Z|info : amplify-provider-awscloudformation.aws-cfn.getStackEvents.cfnModel.describeStackEvents([{"StackName":"[***]ify-[***]fydemo-[***]ev-[***]634"}])
2021-04-16T14:57:32.952Z|info : amplify-provider-awscloudformation.aws-cfn.updateamplifyMetaFileWithStackOutputs.cfn.describeStackResources([{"StackName":"[***]ify-[***]fydemo-[***]ev-[***]634"}])
2021-04-16T14:57:33.207Z|info : amplify-provider-awscloudformation.aws-cfn.describeStack.cfn.describeStacks([{"StackName":"[***]rmation:us-[***]st-[***]68:stack/[***]ify-[***]fydemo-[***]ev-[***]634-[***]mof90a2049-[***]AXLQQ/[***]59d0-[***]c3-[***]eb-[***]92-[***]e9782"}])
2021-04-16T14:57:33.493Z|info : amplify-provider-awscloudformation.system-config-manager.getProfileConfig(["default"])
2021-04-16T14:57:33.494Z|info : amplify-provider-awscloudformation.system-config-manager.getProfiledAwsConfig.profileConfig([{"region":"us-east-2"}])
2021-04-16T14:57:33.494Z|info : amplify-provider-awscloudformation.system-config-manager.getProfileCredentials(["default"])
2021-04-16T14:57:33.692Z|info : amplify-provider-awscloudformation.push-resources.storeCurrentcoudBackend.s3.uploadFile([{"Key":"[***]rent-[***]ud-[***]d.zip"}])
2021-04-16T14:57:33.693Z|info : amplify-provider-awscloudformation.aws-s3.uploadFile.s3.putObject([{"Key":"[***]rent-[***]ud-[***]d.zip","Bucket":"[***]ify-[***]fydemo-[***]ev-[***]634-[***]ment"}])
2021-04-16T14:57:33.977Z|info : amplify-provider-awscloudformation.amplify-service-manager.s3.uploadFile([{"Key":"[***]ify-[***]json"}])
2021-04-16T14:57:33.979Z|info : amplify-provider-awscloudformation.aws-s3.uploadFile.s3.putObject([{"Key":"[***]ify-[***]json","Bucket":"[***]ify-[***]fydemo-[***]ev-[***]634-[***]ment"}])
2021-04-16T14:57:34.265Z|info : amplify-provider-awscloudformation.amplify-service-manager.s3.uploadFile([{"Key":"[***]end-[***].json"}])
2021-04-16T14:57:34.266Z|info : amplify-provider-awscloudformation.aws-s3.uploadFile.s3.putObject([{"Key":"[***]end-[***].json","Bucket":"[***]ify-[***]fydemo-[***]ev-[***]634-[***]ment"}])
2021-04-16T15:09:34.749Z|info : amplify console core  
2021-04-16T15:09:48.108Z|info : amplify-provider-awscloudformation.system-config-manager.getProfileConfig(["default"])
2021-04-16T15:09:48.109Z|info : amplify-provider-awscloudformation.system-config-manager.getProfiledAwsConfig.profileConfig([{"region":"us-east-2"}])
2021-04-16T15:09:48.110Z|info : amplify-provider-awscloudformation.system-config-manager.getProfileCredentials(["default"])
2021-04-16T15:12:58.868Z|info : amplify pull core  {"appId":"[***]i3kzkr","envName":"[***]ev","yes":false}
2021-04-16T15:13:12.217Z|info : amplify-provider-awscloudformation.system-config-manager.getProfileConfig(["default"])
2021-04-16T15:13:12.218Z|info : amplify-provider-awscloudformation.system-config-manager.getProfiledAwsConfig.profileConfig([{"region":"us-east-2"}])
2021-04-16T15:13:12.218Z|info : amplify-provider-awscloudformation.system-config-manager.getProfileCredentials(["default"])
2021-04-16T15:13:13.288Z|info : amplify-provider-awscloudformation.system-config-manager.getProfileConfig(["default"])
2021-04-16T15:13:13.288Z|info : amplify-provider-awscloudformation.system-config-manager.getProfiledAwsConfig.profileConfig([{"region":"us-east-2"}])
2021-04-16T15:13:13.289Z|info : amplify-provider-awscloudformation.system-config-manager.getProfileCredentials(["default"])
2021-04-16T15:13:13.308Z|info : amplify-provider-awscloudformation.zip-util.downloadZip.s3.getFile([{"Key":"[***]rent-[***]ud-[***]d.zip"},null])
2021-04-16T15:13:13.314Z|info : amplify-provider-awscloudformation.aws-s3.s3.getFile([{"Key":"[***]rent-[***]ud-[***]d.zip","Bucket":"[***]ify-[***]fydemo-[***]ev-[***]634-[***]ment"}])
2021-04-16T15:13:13.722Z|info : amplify-provider-awscloudformation.system-config-manager.getProfileConfig(["default"])
2021-04-16T15:13:13.722Z|info : amplify-provider-awscloudformation.system-config-manager.getProfiledAwsConfig.profileConfig([{"region":"us-east-2"}])
2021-04-16T15:13:13.723Z|info : amplify-provider-awscloudformation.system-config-manager.getProfileCredentials(["default"])
2021-04-16T15:13:13.730Z|info : amplify-provider-awscloudformation.initialize-env.run.cfn.updateamplifyMetaFileWithStackOutputs([{"StackName":"[***]ify-[***]fydemo-[***]ev-[***]634"}])
2021-04-16T15:13:13.734Z|info : amplify-provider-awscloudformation.aws-cfn.updateamplifyMetaFileWithStackOutputs.cfn.describeStackResources([{"StackName":"[***]ify-[***]fydemo-[***]ev-[***]634"}])
2021-04-16T15:13:14.022Z|info : amplify-provider-awscloudformation.aws-cfn.describeStack.cfn.describeStacks([{"StackName":"[***]rmation:us-[***]st-[***]68:stack/[***]ify-[***]fydemo-[***]ev-[***]634-[***]mof90a2049-[***]AXLQQ/[***]59d0-[***]c3-[***]eb-[***]92-[***]e9782"}])
2021-04-16T15:13:14.270Z|info : amplify-provider-awscloudformation.aws-s3.s3.getFile([{"Key":"[***]ify-[***]json","Bucket":"[***]ify-[***]fydemo-[***]ev-[***]634-[***]ment"}])
2021-04-16T15:15:12.785Z|info : amplify update auth  
2021-04-16T15:15:26.052Z|info : amplify-provider-awscloudformation.system-config-manager.getProfileConfig(["default"])
2021-04-16T15:15:26.053Z|info : amplify-provider-awscloudformation.system-config-manager.getProfiledAwsConfig.profileConfig([{"region":"us-east-2"}])
2021-04-16T15:15:26.054Z|info : amplify-provider-awscloudformation.system-config-manager.getProfileCredentials(["default"])
2021-04-16T15:21:59.525Z|info : amplify add auth  
2021-04-16T15:22:12.504Z|info : amplify-provider-awscloudformation.system-config-manager.getProfileConfig(["default"])
2021-04-16T15:22:12.506Z|info : amplify-provider-awscloudformation.system-config-manager.getProfiledAwsConfig.profileConfig([{"region":"us-east-2"}])
2021-04-16T15:22:12.506Z|info : amplify-provider-awscloudformation.system-config-manager.getProfileCredentials(["default"])
2021-04-16T15:35:18.187Z|info : amplify update auth  
2021-04-16T15:35:31.931Z|info : amplify-provider-awscloudformation.system-config-manager.getProfileConfig(["default"])
2021-04-16T15:35:31.933Z|info : amplify-provider-awscloudformation.system-config-manager.getProfiledAwsConfig.profileConfig([{"region":"us-east-2"}])
2021-04-16T15:35:31.933Z|info : amplify-provider-awscloudformation.system-config-manager.getProfileCredentials(["default"])
2021-04-16T15:41:57.275Z|info : amplify push core  
2021-04-16T15:42:10.490Z|info : amplify-provider-awscloudformation.system-config-manager.getProfileConfig(["default"])
2021-04-16T15:42:10.491Z|info : amplify-provider-awscloudformation.system-config-manager.getProfiledAwsConfig.profileConfig([{"region":"us-east-2"}])
2021-04-16T15:42:10.491Z|info : amplify-provider-awscloudformation.system-config-manager.getProfileCredentials(["default"])
2021-04-16T15:42:10.768Z|info : amplify-provider-awscloudformation.system-config-manager.getProfileConfig(["default"])
2021-04-16T15:42:10.769Z|info : amplify-provider-awscloudformation.system-config-manager.getProfiledAwsConfig.profileConfig([{"region":"us-east-2"}])
2021-04-16T15:42:10.769Z|info : amplify-provider-awscloudformation.system-config-manager.getProfileCredentials(["default"])
2021-04-16T15:42:10.798Z|info : amplify-provider-awscloudformation.zip-util.downloadZip.s3.getFile([{"Key":"[***]rent-[***]ud-[***]d.zip"},null])
2021-04-16T15:42:10.809Z|info : amplify-provider-awscloudformation.aws-s3.s3.getFile([{"Key":"[***]rent-[***]ud-[***]d.zip","Bucket":"[***]ify-[***]fydemo-[***]ev-[***]634-[***]ment"}])
2021-04-16T15:42:11.136Z|info : amplify-provider-awscloudformation.system-config-manager.getProfileConfig(["default"])
2021-04-16T15:42:11.136Z|info : amplify-provider-awscloudformation.system-config-manager.getProfiledAwsConfig.profileConfig([{"region":"us-east-2"}])
2021-04-16T15:42:11.136Z|info : amplify-provider-awscloudformation.system-config-manager.getProfileCredentials(["default"])
2021-04-16T15:42:11.143Z|info : amplify-provider-awscloudformation.initialize-env.run.cfn.updateamplifyMetaFileWithStackOutputs([{"StackName":"[***]ify-[***]fydemo-[***]ev-[***]634"}])
2021-04-16T15:42:11.147Z|info : amplify-provider-awscloudformation.aws-cfn.updateamplifyMetaFileWithStackOutputs.cfn.describeStackResources([{"StackName":"[***]ify-[***]fydemo-[***]ev-[***]634"}])
2021-04-16T15:42:11.475Z|info : amplify-provider-awscloudformation.aws-cfn.describeStack.cfn.describeStacks([{"StackName":"[***]rmation:us-[***]st-[***]68:stack/[***]ify-[***]fydemo-[***]ev-[***]634-[***]mof90a2049-[***]AXLQQ/[***]59d0-[***]c3-[***]eb-[***]92-[***]e9782"}])
2021-04-16T15:42:12.284Z|info : amplify-provider-awscloudformation.aws-s3.s3.getFile([{"Key":"[***]ify-[***]json","Bucket":"[***]ify-[***]fydemo-[***]ev-[***]634-[***]ment"}])
2021-04-16T15:42:22.776Z|info : amplify-provider-awscloudformation.aws-s3.uploadFile.s3.putObject([{"Key":"[***]ify-[***]fn-[***]ates/[***]th/[***]of90a2049-[***]mation-[***]e.yml","Bucket":"[***]ify-[***]fydemo-[***]ev-[***]634-[***]ment"}])
2021-04-16T15:42:23.358Z|info : amplify-provider-awscloudformation.system-config-manager.getProfileConfig(["default"])
2021-04-16T15:42:23.359Z|info : amplify-provider-awscloudformation.system-config-manager.getProfiledAwsConfig.profileConfig([{"region":"us-east-2"}])
2021-04-16T15:42:23.359Z|info : amplify-provider-awscloudformation.system-config-manager.getProfileCredentials(["default"])
2021-04-16T15:42:23.359Z|info : amplify-provider-awscloudformation.push-resources.updateCloudFormationNestedStack(["C:\\Users\\jharris\\NTTDATA\\NTTASSETS\\NUXT\\jlh_nuxtwind\\amplify\\backend\\awscloudformation","C:\\Users\\jharris\\NTTDATA\\NTTASSETS\\NUXT\\jlh_nuxtwind\\amplify\\backend\\awscloudformation\\nested-cloudformation-stack.yml"])
2021-04-16T15:42:23.368Z|info : amplify-provider-awscloudformation.aws-cfn.updateResourceStack.s3.uploadFile([{}])
2021-04-16T15:42:23.368Z|info : amplify-provider-awscloudformation.aws-s3.uploadFile.s3.putObject([{"Key":"[***]ted-[***]mation-[***].yml","Bucket":"[***]ify-[***]fydemo-[***]ev-[***]634-[***]ment"}])
2021-04-16T15:42:23.641Z|info : amplify-provider-awscloudformation.aws-cfn.updateResourceStack.describeStack([{"StackName":"[***]ify-[***]fydemo-[***]ev-[***]634"}])
2021-04-16T15:42:23.641Z|info : amplify-provider-awscloudformation.aws-cfn.describeStack.cfn.describeStacks([{"StackName":"[***]ify-[***]fydemo-[***]ev-[***]634"}])
2021-04-16T15:42:23.890Z|info : amplify-provider-awscloudformation.aws-cfn.updateResourceStack.updateStack([{"StackName":"[***]ify-[***]fydemo-[***]ev-[***]634"}])
2021-04-16T15:42:29.446Z|info : amplify-provider-awscloudformation.aws-cfn.getStackEvents.cfnModel.describeStackEvents([{"StackName":"[***]ify-[***]fydemo-[***]ev-[***]634"}])
2021-04-16T15:42:29.759Z|info : amplify-provider-awscloudformation.aws-cfn.getStackEvents.cfnModel.describeStackEvents([{"StackName":"[***]rmation:us-[***]st-[***]68:stack/[***]ify-[***]fydemo-[***]ev-[***]634/[***]1e00-[***]31-[***]eb-[***]47-[***]aa148"}])
2021-04-16T15:42:30.088Z|info : amplify-provider-awscloudformation.aws-cfn.getStackEvents.cfnModel.describeStackEvents([{"StackName":"[***]rmation:us-[***]st-[***]68:stack/[***]ify-[***]fydemo-[***]ev-[***]634-[***]mof90a2049-[***]AXLQQ/[***]59d0-[***]c3-[***]eb-[***]92-[***]e9782"}])
2021-04-16T15:42:34.455Z|info : amplify-provider-awscloudformation.aws-cfn.getStackEvents.cfnModel.describeStackEvents([{"StackName":"[***]ify-[***]fydemo-[***]ev-[***]634"}])
2021-04-16T15:42:34.866Z|info : amplify-provider-awscloudformation.aws-cfn.getStackEvents.cfnModel.describeStackEvents([{"StackName":"[***]rmation:us-[***]st-[***]68:stack/[***]ify-[***]fydemo-[***]ev-[***]634-[***]mof90a2049-[***]AXLQQ/[***]59d0-[***]c3-[***]eb-[***]92-[***]e9782"}])
2021-04-16T15:42:34.965Z|info : amplify-provider-awscloudformation.aws-cfn.getStackEvents.cfnModel.describeStackEvents([{"StackName":"[***]rmation:us-[***]st-[***]68:stack/[***]ify-[***]fydemo-[***]ev-[***]634/[***]1e00-[***]31-[***]eb-[***]47-[***]aa148"}])
2021-04-16T15:42:35.283Z|info : amplify-provider-awscloudformation.aws-cfn.getStackEvents.cfnModel.describeStackEvents([{"StackName":"[***]rmation:us-[***]st-[***]68:stack/[***]ify-[***]fydemo-[***]ev-[***]634-[***]mof90a2049-[***]AXLQQ/[***]59d0-[***]c3-[***]eb-[***]92-[***]e9782"}])
2021-04-16T15:42:39.449Z|info : amplify-provider-awscloudformation.aws-cfn.getStackEvents.cfnModel.describeStackEvents([{"StackName":"[***]ify-[***]fydemo-[***]ev-[***]634"}])
2021-04-16T15:42:39.768Z|info : amplify-provider-awscloudformation.aws-cfn.getStackEvents.cfnModel.describeStackEvents([{"StackName":"[***]rmation:us-[***]st-[***]68:stack/[***]ify-[***]fydemo-[***]ev-[***]634-[***]mof90a2049-[***]AXLQQ/[***]59d0-[***]c3-[***]eb-[***]92-[***]e9782"}])
2021-04-16T15:42:39.867Z|info : amplify-provider-awscloudformation.aws-cfn.getStackEvents.cfnModel.describeStackEvents([{"StackName":"[***]rmation:us-[***]st-[***]68:stack/[***]ify-[***]fydemo-[***]ev-[***]634/[***]1e00-[***]31-[***]eb-[***]47-[***]aa148"}])
2021-04-16T15:42:40.239Z|info : amplify-provider-awscloudformation.aws-cfn.getStackEvents.cfnModel.describeStackEvents([{"StackName":"[***]rmation:us-[***]st-[***]68:stack/[***]ify-[***]fydemo-[***]ev-[***]634-[***]mof90a2049-[***]AXLQQ/[***]59d0-[***]c3-[***]eb-[***]92-[***]e9782"}])
2021-04-16T15:42:44.443Z|info : amplify-provider-awscloudformation.aws-cfn.getStackEvents.cfnModel.describeStackEvents([{"StackName":"[***]ify-[***]fydemo-[***]ev-[***]634"}])
2021-04-16T15:42:44.745Z|info : amplify-provider-awscloudformation.aws-cfn.getStackEvents.cfnModel.describeStackEvents([{"StackName":"[***]rmation:us-[***]st-[***]68:stack/[***]ify-[***]fydemo-[***]ev-[***]634-[***]mof90a2049-[***]AXLQQ/[***]59d0-[***]c3-[***]eb-[***]92-[***]e9782"}])
2021-04-16T15:42:44.844Z|info : amplify-provider-awscloudformation.aws-cfn.getStackEvents.cfnModel.describeStackEvents([{"StackName":"[***]rmation:us-[***]st-[***]68:stack/[***]ify-[***]fydemo-[***]ev-[***]634/[***]1e00-[***]31-[***]eb-[***]47-[***]aa148"}])
2021-04-16T15:42:45.120Z|info : amplify-provider-awscloudformation.aws-cfn.getStackEvents.cfnModel.describeStackEvents([{"StackName":"[***]rmation:us-[***]st-[***]68:stack/[***]ify-[***]fydemo-[***]ev-[***]634-[***]mof90a2049-[***]AXLQQ/[***]59d0-[***]c3-[***]eb-[***]92-[***]e9782"}])
2021-04-16T15:42:49.442Z|info : amplify-provider-awscloudformation.aws-cfn.getStackEvents.cfnModel.describeStackEvents([{"StackName":"[***]ify-[***]fydemo-[***]ev-[***]634"}])
2021-04-16T15:42:49.847Z|info : amplify-provider-awscloudformation.aws-cfn.getStackEvents.cfnModel.describeStackEvents([{"StackName":"[***]rmation:us-[***]st-[***]68:stack/[***]ify-[***]fydemo-[***]ev-[***]634-[***]mof90a2049-[***]AXLQQ/[***]59d0-[***]c3-[***]eb-[***]92-[***]e9782"}])
2021-04-16T15:42:49.945Z|info : amplify-provider-awscloudformation.aws-cfn.getStackEvents.cfnModel.describeStackEvents([{"StackName":"[***]rmation:us-[***]st-[***]68:stack/[***]ify-[***]fydemo-[***]ev-[***]634/[***]1e00-[***]31-[***]eb-[***]47-[***]aa148"}])
2021-04-16T15:42:50.262Z|info : amplify-provider-awscloudformation.aws-cfn.getStackEvents.cfnModel.describeStackEvents([{"StackName":"[***]rmation:us-[***]st-[***]68:stack/[***]ify-[***]fydemo-[***]ev-[***]634-[***]mof90a2049-[***]AXLQQ/[***]59d0-[***]c3-[***]eb-[***]92-[***]e9782"}])
2021-04-16T15:42:54.444Z|info : amplify-provider-awscloudformation.aws-cfn.getStackEvents.cfnModel.describeStackEvents([{"StackName":"[***]ify-[***]fydemo-[***]ev-[***]634"}])
2021-04-16T15:42:54.796Z|info : amplify-provider-awscloudformation.aws-cfn.getStackEvents.cfnModel.describeStackEvents([{"StackName":"[***]rmation:us-[***]st-[***]68:stack/[***]ify-[***]fydemo-[***]ev-[***]634-[***]mof90a2049-[***]AXLQQ/[***]59d0-[***]c3-[***]eb-[***]92-[***]e9782"}])
2021-04-16T15:42:54.894Z|info : amplify-provider-awscloudformation.aws-cfn.getStackEvents.cfnModel.describeStackEvents([{"StackName":"[***]rmation:us-[***]st-[***]68:stack/[***]ify-[***]fydemo-[***]ev-[***]634/[***]1e00-[***]31-[***]eb-[***]47-[***]aa148"}])
2021-04-16T15:42:55.189Z|info : amplify-provider-awscloudformation.aws-cfn.getStackEvents.cfnModel.describeStackEvents([{"StackName":"[***]rmation:us-[***]st-[***]68:stack/[***]ify-[***]fydemo-[***]ev-[***]634-[***]mof90a2049-[***]AXLQQ/[***]59d0-[***]c3-[***]eb-[***]92-[***]e9782"}])
2021-04-16T15:42:59.446Z|info : amplify-provider-awscloudformation.aws-cfn.getStackEvents.cfnModel.describeStackEvents([{"StackName":"[***]ify-[***]fydemo-[***]ev-[***]634"}])
2021-04-16T15:42:59.754Z|info : amplify-provider-awscloudformation.aws-cfn.getStackEvents.cfnModel.describeStackEvents([{"StackName":"[***]rmation:us-[***]st-[***]68:stack/[***]ify-[***]fydemo-[***]ev-[***]634-[***]mof90a2049-[***]AXLQQ/[***]59d0-[***]c3-[***]eb-[***]92-[***]e9782"}])
2021-04-16T15:42:59.852Z|info : amplify-provider-awscloudformation.aws-cfn.getStackEvents.cfnModel.describeStackEvents([{"StackName":"[***]rmation:us-[***]st-[***]68:stack/[***]ify-[***]fydemo-[***]ev-[***]634/[***]1e00-[***]31-[***]eb-[***]47-[***]aa148"}])
2021-04-16T15:43:00.138Z|info : amplify-provider-awscloudformation.aws-cfn.getStackEvents.cfnModel.describeStackEvents([{"StackName":"[***]rmation:us-[***]st-[***]68:stack/[***]ify-[***]fydemo-[***]ev-[***]634-[***]mof90a2049-[***]AXLQQ/[***]59d0-[***]c3-[***]eb-[***]92-[***]e9782"}])
2021-04-16T15:43:04.447Z|info : amplify-provider-awscloudformation.aws-cfn.getStackEvents.cfnModel.describeStackEvents([{"StackName":"[***]ify-[***]fydemo-[***]ev-[***]634"}])
2021-04-16T15:43:04.759Z|info : amplify-provider-awscloudformation.aws-cfn.getStackEvents.cfnModel.describeStackEvents([{"StackName":"[***]rmation:us-[***]st-[***]68:stack/[***]ify-[***]fydemo-[***]ev-[***]634-[***]mof90a2049-[***]AXLQQ/[***]59d0-[***]c3-[***]eb-[***]92-[***]e9782"}])
2021-04-16T15:43:04.858Z|info : amplify-provider-awscloudformation.aws-cfn.getStackEvents.cfnModel.describeStackEvents([{"StackName":"[***]rmation:us-[***]st-[***]68:stack/[***]ify-[***]fydemo-[***]ev-[***]634/[***]1e00-[***]31-[***]eb-[***]47-[***]aa148"}])
2021-04-16T15:43:05.131Z|info : amplify-provider-awscloudformation.aws-cfn.getStackEvents.cfnModel.describeStackEvents([{"StackName":"[***]rmation:us-[***]st-[***]68:stack/[***]ify-[***]fydemo-[***]ev-[***]634-[***]mof90a2049-[***]AXLQQ/[***]59d0-[***]c3-[***]eb-[***]92-[***]e9782"}])
2021-04-16T15:43:09.444Z|info : amplify-provider-awscloudformation.aws-cfn.getStackEvents.cfnModel.describeStackEvents([{"StackName":"[***]ify-[***]fydemo-[***]ev-[***]634"}])
2021-04-16T15:43:09.797Z|info : amplify-provider-awscloudformation.aws-cfn.getStackEvents.cfnModel.describeStackEvents([{"StackName":"[***]rmation:us-[***]st-[***]68:stack/[***]ify-[***]fydemo-[***]ev-[***]634-[***]mof90a2049-[***]AXLQQ/[***]59d0-[***]c3-[***]eb-[***]92-[***]e9782"}])
2021-04-16T15:43:09.896Z|info : amplify-provider-awscloudformation.aws-cfn.getStackEvents.cfnModel.describeStackEvents([{"StackName":"[***]rmation:us-[***]st-[***]68:stack/[***]ify-[***]fydemo-[***]ev-[***]634/[***]1e00-[***]31-[***]eb-[***]47-[***]aa148"}])
2021-04-16T15:43:10.182Z|info : amplify-provider-awscloudformation.aws-cfn.getStackEvents.cfnModel.describeStackEvents([{"StackName":"[***]rmation:us-[***]st-[***]68:stack/[***]ify-[***]fydemo-[***]ev-[***]634-[***]mof90a2049-[***]AXLQQ/[***]59d0-[***]c3-[***]eb-[***]92-[***]e9782"}])
2021-04-16T15:43:14.443Z|info : amplify-provider-awscloudformation.aws-cfn.getStackEvents.cfnModel.describeStackEvents([{"StackName":"[***]ify-[***]fydemo-[***]ev-[***]634"}])
2021-04-16T15:43:14.735Z|info : amplify-provider-awscloudformation.aws-cfn.getStackEvents.cfnModel.describeStackEvents([{"StackName":"[***]rmation:us-[***]st-[***]68:stack/[***]ify-[***]fydemo-[***]ev-[***]634-[***]mof90a2049-[***]AXLQQ/[***]59d0-[***]c3-[***]eb-[***]92-[***]e9782"}])
2021-04-16T15:43:14.834Z|info : amplify-provider-awscloudformation.aws-cfn.getStackEvents.cfnModel.describeStackEvents([{"StackName":"[***]rmation:us-[***]st-[***]68:stack/[***]ify-[***]fydemo-[***]ev-[***]634/[***]1e00-[***]31-[***]eb-[***]47-[***]aa148"}])
2021-04-16T15:43:15.116Z|info : amplify-provider-awscloudformation.aws-cfn.getStackEvents.cfnModel.describeStackEvents([{"StackName":"[***]rmation:us-[***]st-[***]68:stack/[***]ify-[***]fydemo-[***]ev-[***]634-[***]mof90a2049-[***]AXLQQ/[***]59d0-[***]c3-[***]eb-[***]92-[***]e9782"}])
2021-04-16T15:43:19.445Z|info : amplify-provider-awscloudformation.aws-cfn.getStackEvents.cfnModel.describeStackEvents([{"StackName":"[***]ify-[***]fydemo-[***]ev-[***]634"}])
2021-04-16T15:43:19.746Z|info : amplify-provider-awscloudformation.aws-cfn.getStackEvents.cfnModel.describeStackEvents([{"StackName":"[***]rmation:us-[***]st-[***]68:stack/[***]ify-[***]fydemo-[***]ev-[***]634-[***]mof90a2049-[***]AXLQQ/[***]59d0-[***]c3-[***]eb-[***]92-[***]e9782"}])
2021-04-16T15:43:19.847Z|info : amplify-provider-awscloudformation.aws-cfn.getStackEvents.cfnModel.describeStackEvents([{"StackName":"[***]rmation:us-[***]st-[***]68:stack/[***]ify-[***]fydemo-[***]ev-[***]634/[***]1e00-[***]31-[***]eb-[***]47-[***]aa148"}])
2021-04-16T15:43:20.147Z|info : amplify-provider-awscloudformation.aws-cfn.getStackEvents.cfnModel.describeStackEvents([{"StackName":"[***]rmation:us-[***]st-[***]68:stack/[***]ify-[***]fydemo-[***]ev-[***]634-[***]mof90a2049-[***]AXLQQ/[***]59d0-[***]c3-[***]eb-[***]92-[***]e9782"}])
2021-04-16T15:43:24.445Z|info : amplify-provider-awscloudformation.aws-cfn.getStackEvents.cfnModel.describeStackEvents([{"StackName":"[***]ify-[***]fydemo-[***]ev-[***]634"}])
2021-04-16T15:43:24.748Z|info : amplify-provider-awscloudformation.aws-cfn.getStackEvents.cfnModel.describeStackEvents([{"StackName":"[***]rmation:us-[***]st-[***]68:stack/[***]ify-[***]fydemo-[***]ev-[***]634-[***]mof90a2049-[***]AXLQQ/[***]59d0-[***]c3-[***]eb-[***]92-[***]e9782"}])
2021-04-16T15:43:24.846Z|info : amplify-provider-awscloudformation.aws-cfn.getStackEvents.cfnModel.describeStackEvents([{"StackName":"[***]rmation:us-[***]st-[***]68:stack/[***]ify-[***]fydemo-[***]ev-[***]634/[***]1e00-[***]31-[***]eb-[***]47-[***]aa148"}])
2021-04-16T15:43:25.127Z|info : amplify-provider-awscloudformation.aws-cfn.getStackEvents.cfnModel.describeStackEvents([{"StackName":"[***]rmation:us-[***]st-[***]68:stack/[***]ify-[***]fydemo-[***]ev-[***]634-[***]mof90a2049-[***]AXLQQ/[***]59d0-[***]c3-[***]eb-[***]92-[***]e9782"}])
2021-04-16T15:43:29.445Z|info : amplify-provider-awscloudformation.aws-cfn.getStackEvents.cfnModel.describeStackEvents([{"StackName":"[***]ify-[***]fydemo-[***]ev-[***]634"}])
2021-04-16T15:43:29.755Z|info : amplify-provider-awscloudformation.aws-cfn.getStackEvents.cfnModel.describeStackEvents([{"StackName":"[***]rmation:us-[***]st-[***]68:stack/[***]ify-[***]fydemo-[***]ev-[***]634-[***]mof90a2049-[***]AXLQQ/[***]59d0-[***]c3-[***]eb-[***]92-[***]e9782"}])
2021-04-16T15:43:29.854Z|info : amplify-provider-awscloudformation.aws-cfn.getStackEvents.cfnModel.describeStackEvents([{"StackName":"[***]rmation:us-[***]st-[***]68:stack/[***]ify-[***]fydemo-[***]ev-[***]634/[***]1e00-[***]31-[***]eb-[***]47-[***]aa148"}])
2021-04-16T15:43:30.135Z|info : amplify-provider-awscloudformation.aws-cfn.getStackEvents.cfnModel.describeStackEvents([{"StackName":"[***]rmation:us-[***]st-[***]68:stack/[***]ify-[***]fydemo-[***]ev-[***]634-[***]mof90a2049-[***]AXLQQ/[***]59d0-[***]c3-[***]eb-[***]92-[***]e9782"}])
2021-04-16T15:43:34.444Z|info : amplify-provider-awscloudformation.aws-cfn.getStackEvents.cfnModel.describeStackEvents([{"StackName":"[***]ify-[***]fydemo-[***]ev-[***]634"}])
2021-04-16T15:43:34.749Z|info : amplify-provider-awscloudformation.aws-cfn.getStackEvents.cfnModel.describeStackEvents([{"StackName":"[***]rmation:us-[***]st-[***]68:stack/[***]ify-[***]fydemo-[***]ev-[***]634-[***]mof90a2049-[***]AXLQQ/[***]59d0-[***]c3-[***]eb-[***]92-[***]e9782"}])
2021-04-16T15:43:34.848Z|info : amplify-provider-awscloudformation.aws-cfn.getStackEvents.cfnModel.describeStackEvents([{"StackName":"[***]rmation:us-[***]st-[***]68:stack/[***]ify-[***]fydemo-[***]ev-[***]634/[***]1e00-[***]31-[***]eb-[***]47-[***]aa148"}])
2021-04-16T15:43:35.132Z|info : amplify-provider-awscloudformation.aws-cfn.getStackEvents.cfnModel.describeStackEvents([{"StackName":"[***]rmation:us-[***]st-[***]68:stack/[***]ify-[***]fydemo-[***]ev-[***]634-[***]mof90a2049-[***]AXLQQ/[***]59d0-[***]c3-[***]eb-[***]92-[***]e9782"}])
2021-04-16T15:43:39.447Z|info : amplify-provider-awscloudformation.aws-cfn.getStackEvents.cfnModel.describeStackEvents([{"StackName":"[***]ify-[***]fydemo-[***]ev-[***]634"}])
2021-04-16T15:43:39.840Z|info : amplify-provider-awscloudformation.aws-cfn.getStackEvents.cfnModel.describeStackEvents([{"StackName":"[***]rmation:us-[***]st-[***]68:stack/[***]ify-[***]fydemo-[***]ev-[***]634-[***]mof90a2049-[***]AXLQQ/[***]59d0-[***]c3-[***]eb-[***]92-[***]e9782"}])
2021-04-16T15:43:39.939Z|info : amplify-provider-awscloudformation.aws-cfn.getStackEvents.cfnModel.describeStackEvents([{"StackName":"[***]rmation:us-[***]st-[***]68:stack/[***]ify-[***]fydemo-[***]ev-[***]634/[***]1e00-[***]31-[***]eb-[***]47-[***]aa148"}])
2021-04-16T15:43:40.216Z|info : amplify-provider-awscloudformation.aws-cfn.getStackEvents.cfnModel.describeStackEvents([{"StackName":"[***]rmation:us-[***]st-[***]68:stack/[***]ify-[***]fydemo-[***]ev-[***]634-[***]mof90a2049-[***]AXLQQ/[***]59d0-[***]c3-[***]eb-[***]92-[***]e9782"}])
2021-04-16T15:43:44.448Z|info : amplify-provider-awscloudformation.aws-cfn.getStackEvents.cfnModel.describeStackEvents([{"StackName":"[***]ify-[***]fydemo-[***]ev-[***]634"}])
2021-04-16T15:43:44.851Z|info : amplify-provider-awscloudformation.aws-cfn.getStackEvents.cfnModel.describeStackEvents([{"StackName":"[***]rmation:us-[***]st-[***]68:stack/[***]ify-[***]fydemo-[***]ev-[***]634-[***]mof90a2049-[***]AXLQQ/[***]59d0-[***]c3-[***]eb-[***]92-[***]e9782"}])
2021-04-16T15:43:44.950Z|info : amplify-provider-awscloudformation.aws-cfn.getStackEvents.cfnModel.describeStackEvents([{"StackName":"[***]rmation:us-[***]st-[***]68:stack/[***]ify-[***]fydemo-[***]ev-[***]634/[***]1e00-[***]31-[***]eb-[***]47-[***]aa148"}])
2021-04-16T15:43:45.314Z|info : amplify-provider-awscloudformation.aws-cfn.getStackEvents.cfnModel.describeStackEvents([{"StackName":"[***]rmation:us-[***]st-[***]68:stack/[***]ify-[***]fydemo-[***]ev-[***]634-[***]mof90a2049-[***]AXLQQ/[***]59d0-[***]c3-[***]eb-[***]92-[***]e9782"}])
2021-04-16T15:43:49.446Z|info : amplify-provider-awscloudformation.aws-cfn.getStackEvents.cfnModel.describeStackEvents([{"StackName":"[***]ify-[***]fydemo-[***]ev-[***]634"}])
2021-04-16T15:43:49.759Z|info : amplify-provider-awscloudformation.aws-cfn.getStackEvents.cfnModel.describeStackEvents([{"StackName":"[***]rmation:us-[***]st-[***]68:stack/[***]ify-[***]fydemo-[***]ev-[***]634-[***]mof90a2049-[***]AXLQQ/[***]59d0-[***]c3-[***]eb-[***]92-[***]e9782"}])
2021-04-16T15:43:49.856Z|info : amplify-provider-awscloudformation.aws-cfn.getStackEvents.cfnModel.describeStackEvents([{"StackName":"[***]rmation:us-[***]st-[***]68:stack/[***]ify-[***]fydemo-[***]ev-[***]634/[***]1e00-[***]31-[***]eb-[***]47-[***]aa148"}])
2021-04-16T15:43:50.228Z|info : amplify-provider-awscloudformation.aws-cfn.getStackEvents.cfnModel.describeStackEvents([{"StackName":"[***]rmation:us-[***]st-[***]68:stack/[***]ify-[***]fydemo-[***]ev-[***]634-[***]mof90a2049-[***]AXLQQ/[***]59d0-[***]c3-[***]eb-[***]92-[***]e9782"}])
2021-04-16T15:43:54.450Z|info : amplify-provider-awscloudformation.aws-cfn.getStackEvents.cfnModel.describeStackEvents([{"StackName":"[***]ify-[***]fydemo-[***]ev-[***]634"}])
2021-04-16T15:43:54.757Z|info : amplify-provider-awscloudformation.aws-cfn.getStackEvents.cfnModel.describeStackEvents([{"StackName":"[***]rmation:us-[***]st-[***]68:stack/[***]ify-[***]fydemo-[***]ev-[***]634-[***]mof90a2049-[***]AXLQQ/[***]59d0-[***]c3-[***]eb-[***]92-[***]e9782"}])
2021-04-16T15:43:54.858Z|info : amplify-provider-awscloudformation.aws-cfn.getStackEvents.cfnModel.describeStackEvents([{"StackName":"[***]rmation:us-[***]st-[***]68:stack/[***]ify-[***]fydemo-[***]ev-[***]634/[***]1e00-[***]31-[***]eb-[***]47-[***]aa148"}])
2021-04-16T15:43:55.132Z|info : amplify-provider-awscloudformation.aws-cfn.getStackEvents.cfnModel.describeStackEvents([{"StackName":"[***]rmation:us-[***]st-[***]68:stack/[***]ify-[***]fydemo-[***]ev-[***]634-[***]mof90a2049-[***]AXLQQ/[***]59d0-[***]c3-[***]eb-[***]92-[***]e9782"}])
2021-04-16T15:43:59.448Z|info : amplify-provider-awscloudformation.aws-cfn.getStackEvents.cfnModel.describeStackEvents([{"StackName":"[***]ify-[***]fydemo-[***]ev-[***]634"}])
2021-04-16T15:43:59.750Z|info : amplify-provider-awscloudformation.aws-cfn.getStackEvents.cfnModel.describeStackEvents([{"StackName":"[***]rmation:us-[***]st-[***]68:stack/[***]ify-[***]fydemo-[***]ev-[***]634-[***]mof90a2049-[***]AXLQQ/[***]59d0-[***]c3-[***]eb-[***]92-[***]e9782"}])
2021-04-16T15:43:59.847Z|info : amplify-provider-awscloudformation.aws-cfn.getStackEvents.cfnModel.describeStackEvents([{"StackName":"[***]rmation:us-[***]st-[***]68:stack/[***]ify-[***]fydemo-[***]ev-[***]634/[***]1e00-[***]31-[***]eb-[***]47-[***]aa148"}])
2021-04-16T15:44:00.167Z|info : amplify-provider-awscloudformation.aws-cfn.getStackEvents.cfnModel.describeStackEvents([{"StackName":"[***]rmation:us-[***]st-[***]68:stack/[***]ify-[***]fydemo-[***]ev-[***]634-[***]mof90a2049-[***]AXLQQ/[***]59d0-[***]c3-[***]eb-[***]92-[***]e9782"}])
2021-04-16T15:44:04.450Z|info : amplify-provider-awscloudformation.aws-cfn.getStackEvents.cfnModel.describeStackEvents([{"StackName":"[***]ify-[***]fydemo-[***]ev-[***]634"}])
2021-04-16T15:44:04.828Z|info : amplify-provider-awscloudformation.aws-cfn.getStackEvents.cfnModel.describeStackEvents([{"StackName":"[***]rmation:us-[***]st-[***]68:stack/[***]ify-[***]fydemo-[***]ev-[***]634-[***]mof90a2049-[***]AXLQQ/[***]59d0-[***]c3-[***]eb-[***]92-[***]e9782"}])
2021-04-16T15:44:04.928Z|info : amplify-provider-awscloudformation.aws-cfn.getStackEvents.cfnModel.describeStackEvents([{"StackName":"[***]rmation:us-[***]st-[***]68:stack/[***]ify-[***]fydemo-[***]ev-[***]634/[***]1e00-[***]31-[***]eb-[***]47-[***]aa148"}])
2021-04-16T15:44:05.230Z|info : amplify-provider-awscloudformation.aws-cfn.getStackEvents.cfnModel.describeStackEvents([{"StackName":"[***]rmation:us-[***]st-[***]68:stack/[***]ify-[***]fydemo-[***]ev-[***]634-[***]mof90a2049-[***]AXLQQ/[***]59d0-[***]c3-[***]eb-[***]92-[***]e9782"}])
2021-04-16T15:44:09.450Z|info : amplify-provider-awscloudformation.aws-cfn.getStackEvents.cfnModel.describeStackEvents([{"StackName":"[***]ify-[***]fydemo-[***]ev-[***]634"}])
2021-04-16T15:44:09.739Z|info : amplify-provider-awscloudformation.aws-cfn.getStackEvents.cfnModel.describeStackEvents([{"StackName":"[***]rmation:us-[***]st-[***]68:stack/[***]ify-[***]fydemo-[***]ev-[***]634-[***]mof90a2049-[***]AXLQQ/[***]59d0-[***]c3-[***]eb-[***]92-[***]e9782"}])
2021-04-16T15:44:09.839Z|info : amplify-provider-awscloudformation.aws-cfn.getStackEvents.cfnModel.describeStackEvents([{"StackName":"[***]rmation:us-[***]st-[***]68:stack/[***]ify-[***]fydemo-[***]ev-[***]634/[***]1e00-[***]31-[***]eb-[***]47-[***]aa148"}])
2021-04-16T15:44:10.155Z|info : amplify-provider-awscloudformation.aws-cfn.getStackEvents.cfnModel.describeStackEvents([{"StackName":"[***]rmation:us-[***]st-[***]68:stack/[***]ify-[***]fydemo-[***]ev-[***]634-[***]mof90a2049-[***]AXLQQ/[***]59d0-[***]c3-[***]eb-[***]92-[***]e9782"}])
2021-04-16T15:44:14.449Z|info : amplify-provider-awscloudformation.aws-cfn.getStackEvents.cfnModel.describeStackEvents([{"StackName":"[***]ify-[***]fydemo-[***]ev-[***]634"}])
2021-04-16T15:44:14.793Z|info : amplify-provider-awscloudformation.aws-cfn.getStackEvents.cfnModel.describeStackEvents([{"StackName":"[***]rmation:us-[***]st-[***]68:stack/[***]ify-[***]fydemo-[***]ev-[***]634-[***]mof90a2049-[***]AXLQQ/[***]59d0-[***]c3-[***]eb-[***]92-[***]e9782"}])
2021-04-16T15:44:14.890Z|info : amplify-provider-awscloudformation.aws-cfn.getStackEvents.cfnModel.describeStackEvents([{"StackName":"[***]rmation:us-[***]st-[***]68:stack/[***]ify-[***]fydemo-[***]ev-[***]634/[***]1e00-[***]31-[***]eb-[***]47-[***]aa148"}])
2021-04-16T15:44:15.269Z|info : amplify-provider-awscloudformation.aws-cfn.getStackEvents.cfnModel.describeStackEvents([{"StackName":"[***]rmation:us-[***]st-[***]68:stack/[***]ify-[***]fydemo-[***]ev-[***]634-[***]mof90a2049-[***]AXLQQ/[***]59d0-[***]c3-[***]eb-[***]92-[***]e9782"}])
2021-04-16T15:44:19.450Z|info : amplify-provider-awscloudformation.aws-cfn.getStackEvents.cfnModel.describeStackEvents([{"StackName":"[***]ify-[***]fydemo-[***]ev-[***]634"}])
2021-04-16T15:44:19.777Z|info : amplify-provider-awscloudformation.aws-cfn.getStackEvents.cfnModel.describeStackEvents([{"StackName":"[***]rmation:us-[***]st-[***]68:stack/[***]ify-[***]fydemo-[***]ev-[***]634-[***]mof90a2049-[***]AXLQQ/[***]59d0-[***]c3-[***]eb-[***]92-[***]e9782"}])
2021-04-16T15:44:19.876Z|info : amplify-provider-awscloudformation.aws-cfn.getStackEvents.cfnModel.describeStackEvents([{"StackName":"[***]rmation:us-[***]st-[***]68:stack/[***]ify-[***]fydemo-[***]ev-[***]634/[***]1e00-[***]31-[***]eb-[***]47-[***]aa148"}])
2021-04-16T15:44:20.161Z|info : amplify-provider-awscloudformation.aws-cfn.getStackEvents.cfnModel.describeStackEvents([{"StackName":"[***]rmation:us-[***]st-[***]68:stack/[***]ify-[***]fydemo-[***]ev-[***]634-[***]mof90a2049-[***]AXLQQ/[***]59d0-[***]c3-[***]eb-[***]92-[***]e9782"}])
2021-04-16T15:44:24.450Z|info : amplify-provider-awscloudformation.aws-cfn.getStackEvents.cfnModel.describeStackEvents([{"StackName":"[***]ify-[***]fydemo-[***]ev-[***]634"}])
2021-04-16T15:44:24.839Z|info : amplify-provider-awscloudformation.aws-cfn.getStackEvents.cfnModel.describeStackEvents([{"StackName":"[***]rmation:us-[***]st-[***]68:stack/[***]ify-[***]fydemo-[***]ev-[***]634/[***]1e00-[***]31-[***]eb-[***]47-[***]aa148"}])
2021-04-16T15:44:29.450Z|info : amplify-provider-awscloudformation.aws-cfn.getStackEvents.cfnModel.describeStackEvents([{"StackName":"[***]ify-[***]fydemo-[***]ev-[***]634"}])
2021-04-16T15:44:29.739Z|info : amplify-provider-awscloudformation.aws-cfn.getStackEvents.cfnModel.describeStackEvents([{"StackName":"[***]rmation:us-[***]st-[***]68:stack/[***]ify-[***]fydemo-[***]ev-[***]634/[***]1e00-[***]31-[***]eb-[***]47-[***]aa148"}])
2021-04-16T15:44:34.452Z|info : amplify-provider-awscloudformation.aws-cfn.getStackEvents.cfnModel.describeStackEvents([{"StackName":"[***]ify-[***]fydemo-[***]ev-[***]634"}])
2021-04-16T15:44:34.757Z|info : amplify-provider-awscloudformation.aws-cfn.getStackEvents.cfnModel.describeStackEvents([{"StackName":"[***]rmation:us-[***]st-[***]68:stack/[***]ify-[***]fydemo-[***]ev-[***]634/[***]1e00-[***]31-[***]eb-[***]47-[***]aa148"}])
2021-04-16T15:44:39.453Z|info : amplify-provider-awscloudformation.aws-cfn.getStackEvents.cfnModel.describeStackEvents([{"StackName":"[***]ify-[***]fydemo-[***]ev-[***]634"}])
2021-04-16T15:44:39.839Z|info : amplify-provider-awscloudformation.aws-cfn.getStackEvents.cfnModel.describeStackEvents([{"StackName":"[***]rmation:us-[***]st-[***]68:stack/[***]ify-[***]fydemo-[***]ev-[***]634/[***]1e00-[***]31-[***]eb-[***]47-[***]aa148"}])
2021-04-16T15:44:44.453Z|info : amplify-provider-awscloudformation.aws-cfn.getStackEvents.cfnModel.describeStackEvents([{"StackName":"[***]ify-[***]fydemo-[***]ev-[***]634"}])
2021-04-16T15:44:49.457Z|info : amplify-provider-awscloudformation.aws-cfn.getStackEvents.cfnModel.describeStackEvents([{"StackName":"[***]ify-[***]fydemo-[***]ev-[***]634"}])
2021-04-16T15:44:54.454Z|info : amplify-provider-awscloudformation.aws-cfn.getStackEvents.cfnModel.describeStackEvents([{"StackName":"[***]ify-[***]fydemo-[***]ev-[***]634"}])
2021-04-16T15:44:55.827Z|info : amplify-provider-awscloudformation.aws-cfn.updateamplifyMetaFileWithStackOutputs.cfn.describeStackResources([{"StackName":"[***]ify-[***]fydemo-[***]ev-[***]634"}])
2021-04-16T15:44:56.082Z|info : amplify-provider-awscloudformation.aws-cfn.describeStack.cfn.describeStacks([{"StackName":"[***]rmation:us-[***]st-[***]68:stack/[***]ify-[***]fydemo-[***]ev-[***]634-[***]mof90a2049-[***]AXLQQ/[***]59d0-[***]c3-[***]eb-[***]92-[***]e9782"}])
2021-04-16T15:44:56.367Z|info : amplify-provider-awscloudformation.system-config-manager.getProfileConfig(["default"])
2021-04-16T15:44:56.370Z|info : amplify-provider-awscloudformation.system-config-manager.getProfiledAwsConfig.profileConfig([{"region":"us-east-2"}])
2021-04-16T15:44:56.370Z|info : amplify-provider-awscloudformation.system-config-manager.getProfileCredentials(["default"])
2021-04-16T15:44:56.503Z|info : amplify-provider-awscloudformation.push-resources.storeCurrentcoudBackend.s3.uploadFile([{"Key":"[***]rent-[***]ud-[***]d.zip"}])
2021-04-16T15:44:56.505Z|info : amplify-provider-awscloudformation.aws-s3.uploadFile.s3.putObject([{"Key":"[***]rent-[***]ud-[***]d.zip","Bucket":"[***]ify-[***]fydemo-[***]ev-[***]634-[***]ment"}])
2021-04-16T15:44:56.837Z|info : amplify-provider-awscloudformation.amplify-service-manager.s3.uploadFile([{"Key":"[***]ify-[***]json"}])
2021-04-16T15:44:56.838Z|info : amplify-provider-awscloudformation.aws-s3.uploadFile.s3.putObject([{"Key":"[***]ify-[***]json","Bucket":"[***]ify-[***]fydemo-[***]ev-[***]634-[***]ment"}])
2021-04-16T15:44:57.102Z|info : amplify-provider-awscloudformation.amplify-service-manager.s3.uploadFile([{"Key":"[***]end-[***].json"}])
2021-04-16T15:44:57.103Z|info : amplify-provider-awscloudformation.aws-s3.uploadFile.s3.putObject([{"Key":"[***]end-[***].json","Bucket":"[***]ify-[***]fydemo-[***]ev-[***]634-[***]ment"}])
2021-04-16T15:55:11.243Z|info : amplify push core  
2021-04-16T15:55:24.761Z|info : amplify-provider-awscloudformation.system-config-manager.getProfileConfig(["default"])
2021-04-16T15:55:24.763Z|info : amplify-provider-awscloudformation.system-config-manager.getProfiledAwsConfig.profileConfig([{"region":"us-east-2"}])
2021-04-16T15:55:24.763Z|info : amplify-provider-awscloudformation.system-config-manager.getProfileCredentials(["default"])
2021-04-16T15:55:25.013Z|info : amplify-provider-awscloudformation.system-config-manager.getProfileConfig(["default"])
2021-04-16T15:55:25.015Z|info : amplify-provider-awscloudformation.system-config-manager.getProfiledAwsConfig.profileConfig([{"region":"us-east-2"}])
2021-04-16T15:55:25.015Z|info : amplify-provider-awscloudformation.system-config-manager.getProfileCredentials(["default"])
2021-04-16T15:55:25.027Z|info : amplify-provider-awscloudformation.zip-util.downloadZip.s3.getFile([{"Key":"[***]rent-[***]ud-[***]d.zip"},null])
2021-04-16T15:55:25.034Z|info : amplify-provider-awscloudformation.aws-s3.s3.getFile([{"Key":"[***]rent-[***]ud-[***]d.zip","Bucket":"[***]ify-[***]fydemo-[***]ev-[***]634-[***]ment"}])
2021-04-16T15:55:25.435Z|info : amplify-provider-awscloudformation.system-config-manager.getProfileConfig(["default"])
2021-04-16T15:55:25.436Z|info : amplify-provider-awscloudformation.system-config-manager.getProfiledAwsConfig.profileConfig([{"region":"us-east-2"}])
2021-04-16T15:55:25.436Z|info : amplify-provider-awscloudformation.system-config-manager.getProfileCredentials(["default"])
2021-04-16T15:55:25.443Z|info : amplify-provider-awscloudformation.initialize-env.run.cfn.updateamplifyMetaFileWithStackOutputs([{"StackName":"[***]ify-[***]fydemo-[***]ev-[***]634"}])
2021-04-16T15:55:25.447Z|info : amplify-provider-awscloudformation.aws-cfn.updateamplifyMetaFileWithStackOutputs.cfn.describeStackResources([{"StackName":"[***]ify-[***]fydemo-[***]ev-[***]634"}])
2021-04-16T15:55:25.718Z|info : amplify-provider-awscloudformation.aws-cfn.describeStack.cfn.describeStacks([{"StackName":"[***]rmation:us-[***]st-[***]68:stack/[***]ify-[***]fydemo-[***]ev-[***]634-[***]mof90a2049-[***]AXLQQ/[***]59d0-[***]c3-[***]eb-[***]92-[***]e9782"}])
2021-04-16T15:55:26.473Z|info : amplify-provider-awscloudformation.aws-s3.s3.getFile([{"Key":"[***]ify-[***]json","Bucket":"[***]ify-[***]fydemo-[***]ev-[***]634-[***]ment"}])
2021-04-16T16:06:52.221Z|info : amplify update auth  
2021-04-16T16:07:05.380Z|info : amplify-provider-awscloudformation.system-config-manager.getProfileConfig(["default"])
2021-04-16T16:07:05.382Z|info : amplify-provider-awscloudformation.system-config-manager.getProfiledAwsConfig.profileConfig([{"region":"us-east-2"}])
2021-04-16T16:07:05.382Z|info : amplify-provider-awscloudformation.system-config-manager.getProfileCredentials(["default"])
2021-04-16T16:10:45.686Z|info : amplify pull core  {"appId":"[***]i3kzkr","envName":"[***]ev","yes":false}
2021-04-16T16:10:59.420Z|info : amplify-provider-awscloudformation.system-config-manager.getProfileConfig(["default"])
2021-04-16T16:10:59.422Z|info : amplify-provider-awscloudformation.system-config-manager.getProfiledAwsConfig.profileConfig([{"region":"us-east-2"}])
2021-04-16T16:10:59.422Z|info : amplify-provider-awscloudformation.system-config-manager.getProfileCredentials(["default"])
2021-04-16T16:11:29.382Z|info : amplify-provider-awscloudformation.system-config-manager.getProfileConfig(["default"])
2021-04-16T16:11:29.383Z|info : amplify-provider-awscloudformation.system-config-manager.getProfiledAwsConfig.profileConfig([{"region":"us-east-2"}])
2021-04-16T16:11:29.384Z|info : amplify-provider-awscloudformation.system-config-manager.getProfileCredentials(["default"])
2021-04-16T16:11:29.398Z|info : amplify-provider-awscloudformation.zip-util.downloadZip.s3.getFile([{"Key":"[***]rent-[***]ud-[***]d.zip"},null])
2021-04-16T16:11:29.403Z|info : amplify-provider-awscloudformation.aws-s3.s3.getFile([{"Key":"[***]rent-[***]ud-[***]d.zip","Bucket":"[***]ify-[***]fydemo-[***]ev-[***]634-[***]ment"}])
2021-04-16T16:11:29.785Z|info : amplify-provider-awscloudformation.system-config-manager.getProfileConfig(["default"])
2021-04-16T16:11:29.785Z|info : amplify-provider-awscloudformation.system-config-manager.getProfiledAwsConfig.profileConfig([{"region":"us-east-2"}])
2021-04-16T16:11:29.786Z|info : amplify-provider-awscloudformation.system-config-manager.getProfileCredentials(["default"])
2021-04-16T16:11:29.794Z|info : amplify-provider-awscloudformation.initialize-env.run.cfn.updateamplifyMetaFileWithStackOutputs([{"StackName":"[***]ify-[***]fydemo-[***]ev-[***]634"}])
2021-04-16T16:11:29.797Z|info : amplify-provider-awscloudformation.aws-cfn.updateamplifyMetaFileWithStackOutputs.cfn.describeStackResources([{"StackName":"[***]ify-[***]fydemo-[***]ev-[***]634"}])
2021-04-16T16:11:30.110Z|info : amplify-provider-awscloudformation.aws-cfn.describeStack.cfn.describeStacks([{"StackName":"[***]rmation:us-[***]st-[***]68:stack/[***]ify-[***]fydemo-[***]ev-[***]634-[***]mof90a2049-[***]AXLQQ/[***]59d0-[***]c3-[***]eb-[***]92-[***]e9782"}])
2021-04-16T16:11:30.375Z|info : amplify-provider-awscloudformation.aws-s3.s3.getFile([{"Key":"[***]ify-[***]json","Bucket":"[***]ify-[***]fydemo-[***]ev-[***]634-[***]ment"}])
2021-04-16T16:26:47.231Z|info : amplify pull core  {"appId":"[***]i3kzkr","envName":"[***]ev","yes":false}
2021-04-16T16:27:01.985Z|info : amplify-provider-awscloudformation.system-config-manager.getProfileConfig(["default"])
2021-04-16T16:27:01.986Z|info : amplify-provider-awscloudformation.system-config-manager.getProfiledAwsConfig.profileConfig([{"region":"us-east-2"}])
2021-04-16T16:27:01.986Z|info : amplify-provider-awscloudformation.system-config-manager.getProfileCredentials(["default"])
2021-04-16T16:27:03.134Z|info : amplify-provider-awscloudformation.system-config-manager.getProfileConfig(["default"])
2021-04-16T16:27:03.136Z|info : amplify-provider-awscloudformation.system-config-manager.getProfiledAwsConfig.profileConfig([{"region":"us-east-2"}])
2021-04-16T16:27:03.136Z|info : amplify-provider-awscloudformation.system-config-manager.getProfileCredentials(["default"])
2021-04-16T16:27:03.159Z|info : amplify-provider-awscloudformation.zip-util.downloadZip.s3.getFile([{"Key":"[***]rent-[***]ud-[***]d.zip"},null])
2021-04-16T16:27:03.164Z|info : amplify-provider-awscloudformation.aws-s3.s3.getFile([{"Key":"[***]rent-[***]ud-[***]d.zip","Bucket":"[***]ify-[***]fydemo-[***]ev-[***]634-[***]ment"}])
2021-04-16T16:28:14.169Z|info : amplify pull core  
2021-04-16T16:28:27.973Z|info : amplify-provider-awscloudformation.system-config-manager.getProfileConfig(["default"])
2021-04-16T16:28:27.975Z|info : amplify-provider-awscloudformation.system-config-manager.getProfiledAwsConfig.profileConfig([{"region":"us-east-2"}])
2021-04-16T16:28:27.975Z|info : amplify-provider-awscloudformation.system-config-manager.getProfileCredentials(["default"])
2021-04-16T16:28:45.834Z|info : amplify init core  
2021-04-16T16:28:59.515Z|info : amplify-provider-awscloudformation.system-config-manager.getProfileConfig(["default"])
2021-04-16T16:28:59.516Z|info : amplify-provider-awscloudformation.system-config-manager.getProfiledAwsConfig.profileConfig([{"region":"us-east-2"}])
2021-04-16T16:28:59.517Z|info : amplify-provider-awscloudformation.system-config-manager.getProfileCredentials(["default"])
2021-04-16T16:29:50.515Z|info : amplify pull core  
2021-04-16T16:30:04.234Z|info : amplify-provider-awscloudformation.system-config-manager.getProfileConfig(["default"])
2021-04-16T16:30:04.235Z|info : amplify-provider-awscloudformation.system-config-manager.getProfiledAwsConfig.profileConfig([{"region":"us-east-2"}])
2021-04-16T16:30:04.235Z|info : amplify-provider-awscloudformation.system-config-manager.getProfileCredentials(["default"])
2021-04-16T19:42:41.202Z|info : amplify pull core  {"appId":"[***]i3kzkr","envName":"[***]sdev","yes":false}
2021-04-16T19:42:56.007Z|info : amplify-provider-awscloudformation.system-config-manager.getProfileConfig(["default"])
2021-04-16T19:42:56.009Z|info : amplify-provider-awscloudformation.system-config-manager.getProfiledAwsConfig.profileConfig([{"region":"us-east-2"}])
2021-04-16T19:42:56.009Z|info : amplify-provider-awscloudformation.system-config-manager.getProfileCredentials(["default"])
