Feb 17, 2021 4:22:14 PM org.eclipse.lemminx.XMLLanguageServer initialize
INFO: Initializing XML Language server
LemMinX Server info:
 - Version : 0.15.0
 - Java : C:\Program Files\AdoptOpenJDK\jdk-11.0.7.10-hotspot
 - VM Version : 11.0.7+10
 - Git cb5fba5 - [maven-release-plugin] prepare release 0.15.0
Feb 21, 2021 5:00:06 PM org.eclipse.lemminx.XMLLanguageServer initialize
INFO: Initializing XML Language server
LemMinX Server info:
 - Version : 0.15.0
 - Java : C:\Program Files\AdoptOpenJDK\jdk-11.0.7.10-hotspot
 - VM Version : 11.0.7+10
 - Git cb5fba5 - [maven-release-plugin] prepare release 0.15.0
Feb 24, 2021 11:42:02 AM org.eclipse.lemminx.XMLLanguageServer initialize
INFO: Initializing XML Language server
LemMinX Server info:
 - Version : 0.15.0
 - Java : C:\Program Files\AdoptOpenJDK\jdk-11.0.7.10-hotspot
 - VM Version : 11.0.7+10
 - Git cb5fba5 - [maven-release-plugin] prepare release 0.15.0
Jun 17, 2021 9:27:59 AM org.eclipse.lemminx.XMLLanguageServer initialize
INFO: Initializing XML Language server
LemMinX Server info:
 - Version : 0.16.2
 - Java : C:\Program Files\AdoptOpenJDK\jdk-11.0.7.10-hotspot
 - VM Version : 11.0.7
 - Git 544a8d4 - [maven-release-plugin] prepare release 0.16.2
Jun 17, 2021 9:29:00 AM org.eclipse.lemminx.XMLLanguageServer initialize
INFO: Initializing XML Language server
LemMinX Server info:
 - Version : 0.16.2
 - Java : C:\Program Files\AdoptOpenJDK\jdk-11.0.7.10-hotspot
 - VM Version : 11.0.7
 - Git 544a8d4 - [maven-release-plugin] prepare release 0.16.2
Jun 17, 2021 9:30:01 AM org.eclipse.lemminx.XMLLanguageServer initialize
INFO: Initializing XML Language server
LemMinX Server info:
 - Version : 0.16.2
 - Java : C:\Program Files\AdoptOpenJDK\jdk-11.0.7.10-hotspot
 - VM Version : 11.0.7
 - Git 544a8d4 - [maven-release-plugin] prepare release 0.16.2
Jun 17, 2021 9:31:02 AM org.eclipse.lemminx.XMLLanguageServer initialize
INFO: Initializing XML Language server
LemMinX Server info:
 - Version : 0.16.2
 - Java : C:\Program Files\AdoptOpenJDK\jdk-11.0.7.10-hotspot
 - VM Version : 11.0.7
 - Git 544a8d4 - [maven-release-plugin] prepare release 0.16.2
Jun 17, 2021 9:32:03 AM org.eclipse.lemminx.XMLLanguageServer initialize
INFO: Initializing XML Language server
LemMinX Server info:
 - Version : 0.16.2
 - Java : C:\Program Files\AdoptOpenJDK\jdk-11.0.7.10-hotspot
 - VM Version : 11.0.7
 - Git 544a8d4 - [maven-release-plugin] prepare release 0.16.2
Jun 17, 2021 9:33:04 AM org.eclipse.lemminx.XMLLanguageServer initialize
INFO: Initializing XML Language server
LemMinX Server info:
 - Version : 0.16.2
 - Java : C:\Program Files\AdoptOpenJDK\jdk-11.0.7.10-hotspot
 - VM Version : 11.0.7
 - Git 544a8d4 - [maven-release-plugin] prepare release 0.16.2
Jun 17, 2021 9:34:04 AM org.eclipse.lemminx.XMLLanguageServer initialize
INFO: Initializing XML Language server
LemMinX Server info:
 - Version : 0.16.2
 - Java : C:\Program Files\AdoptOpenJDK\jdk-11.0.7.10-hotspot
 - VM Version : 11.0.7
 - Git 544a8d4 - [maven-release-plugin] prepare release 0.16.2
Jun 17, 2021 9:35:05 AM org.eclipse.lemminx.XMLLanguageServer initialize
INFO: Initializing XML Language server
LemMinX Server info:
 - Version : 0.16.2
 - Java : C:\Program Files\AdoptOpenJDK\jdk-11.0.7.10-hotspot
 - VM Version : 11.0.7
 - Git 544a8d4 - [maven-release-plugin] prepare release 0.16.2
Jun 17, 2021 9:36:06 AM org.eclipse.lemminx.XMLLanguageServer initialize
INFO: Initializing XML Language server
LemMinX Server info:
 - Version : 0.16.2
 - Java : C:\Program Files\AdoptOpenJDK\jdk-11.0.7.10-hotspot
 - VM Version : 11.0.7
 - Git 544a8d4 - [maven-release-plugin] prepare release 0.16.2
Jun 17, 2021 9:37:07 AM org.eclipse.lemminx.XMLLanguageServer initialize
INFO: Initializing XML Language server
LemMinX Server info:
 - Version : 0.16.2
 - Java : C:\Program Files\AdoptOpenJDK\jdk-11.0.7.10-hotspot
 - VM Version : 11.0.7
 - Git 544a8d4 - [maven-release-plugin] prepare release 0.16.2
Jun 17, 2021 9:38:08 AM org.eclipse.lemminx.XMLLanguageServer initialize
INFO: Initializing XML Language server
LemMinX Server info:
 - Version : 0.16.2
 - Java : C:\Program Files\AdoptOpenJDK\jdk-11.0.7.10-hotspot
 - VM Version : 11.0.7
 - Git 544a8d4 - [maven-release-plugin] prepare release 0.16.2
Jun 17, 2021 9:39:09 AM org.eclipse.lemminx.XMLLanguageServer initialize
INFO: Initializing XML Language server
LemMinX Server info:
 - Version : 0.16.2
 - Java : C:\Program Files\AdoptOpenJDK\jdk-11.0.7.10-hotspot
 - VM Version : 11.0.7
 - Git 544a8d4 - [maven-release-plugin] prepare release 0.16.2
Jun 17, 2021 9:40:10 AM org.eclipse.lemminx.XMLLanguageServer initialize
INFO: Initializing XML Language server
LemMinX Server info:
 - Version : 0.16.2
 - Java : C:\Program Files\AdoptOpenJDK\jdk-11.0.7.10-hotspot
 - VM Version : 11.0.7
 - Git 544a8d4 - [maven-release-plugin] prepare release 0.16.2
Jun 17, 2021 9:41:11 AM org.eclipse.lemminx.XMLLanguageServer initialize
INFO: Initializing XML Language server
LemMinX Server info:
 - Version : 0.16.2
 - Java : C:\Program Files\AdoptOpenJDK\jdk-11.0.7.10-hotspot
 - VM Version : 11.0.7
 - Git 544a8d4 - [maven-release-plugin] prepare release 0.16.2
Jun 17, 2021 9:42:12 AM org.eclipse.lemminx.XMLLanguageServer initialize
INFO: Initializing XML Language server
LemMinX Server info:
 - Version : 0.16.2
 - Java : C:\Program Files\AdoptOpenJDK\jdk-11.0.7.10-hotspot
 - VM Version : 11.0.7
 - Git 544a8d4 - [maven-release-plugin] prepare release 0.16.2
Jun 17, 2021 9:43:13 AM org.eclipse.lemminx.XMLLanguageServer initialize
INFO: Initializing XML Language server
LemMinX Server info:
 - Version : 0.16.2
 - Java : C:\Program Files\AdoptOpenJDK\jdk-11.0.7.10-hotspot
 - VM Version : 11.0.7
 - Git 544a8d4 - [maven-release-plugin] prepare release 0.16.2
Jun 17, 2021 9:44:14 AM org.eclipse.lemminx.XMLLanguageServer initialize
INFO: Initializing XML Language server
LemMinX Server info:
 - Version : 0.16.2
 - Java : C:\Program Files\AdoptOpenJDK\jdk-11.0.7.10-hotspot
 - VM Version : 11.0.7
 - Git 544a8d4 - [maven-release-plugin] prepare release 0.16.2
Jun 17, 2021 9:45:15 AM org.eclipse.lemminx.XMLLanguageServer initialize
INFO: Initializing XML Language server
LemMinX Server info:
 - Version : 0.16.2
 - Java : C:\Program Files\AdoptOpenJDK\jdk-11.0.7.10-hotspot
 - VM Version : 11.0.7
 - Git 544a8d4 - [maven-release-plugin] prepare release 0.16.2
Jun 17, 2021 9:46:16 AM org.eclipse.lemminx.XMLLanguageServer initialize
INFO: Initializing XML Language server
LemMinX Server info:
 - Version : 0.16.2
 - Java : C:\Program Files\AdoptOpenJDK\jdk-11.0.7.10-hotspot
 - VM Version : 11.0.7
 - Git 544a8d4 - [maven-release-plugin] prepare release 0.16.2
Jun 17, 2021 9:47:17 AM org.eclipse.lemminx.XMLLanguageServer initialize
INFO: Initializing XML Language server
LemMinX Server info:
 - Version : 0.16.2
 - Java : C:\Program Files\AdoptOpenJDK\jdk-11.0.7.10-hotspot
 - VM Version : 11.0.7
 - Git 544a8d4 - [maven-release-plugin] prepare release 0.16.2
Jun 17, 2021 9:48:17 AM org.eclipse.lemminx.XMLLanguageServer initialize
INFO: Initializing XML Language server
LemMinX Server info:
 - Version : 0.16.2
 - Java : C:\Program Files\AdoptOpenJDK\jdk-11.0.7.10-hotspot
 - VM Version : 11.0.7
 - Git 544a8d4 - [maven-release-plugin] prepare release 0.16.2
Jun 17, 2021 9:49:18 AM org.eclipse.lemminx.XMLLanguageServer initialize
INFO: Initializing XML Language server
LemMinX Server info:
 - Version : 0.16.2
 - Java : C:\Program Files\AdoptOpenJDK\jdk-11.0.7.10-hotspot
 - VM Version : 11.0.7
 - Git 544a8d4 - [maven-release-plugin] prepare release 0.16.2
Jun 17, 2021 9:50:19 AM org.eclipse.lemminx.XMLLanguageServer initialize
INFO: Initializing XML Language server
LemMinX Server info:
 - Version : 0.16.2
 - Java : C:\Program Files\AdoptOpenJDK\jdk-11.0.7.10-hotspot
 - VM Version : 11.0.7
 - Git 544a8d4 - [maven-release-plugin] prepare release 0.16.2
Jun 17, 2021 9:51:20 AM org.eclipse.lemminx.XMLLanguageServer initialize
INFO: Initializing XML Language server
LemMinX Server info:
 - Version : 0.16.2
 - Java : C:\Program Files\AdoptOpenJDK\jdk-11.0.7.10-hotspot
 - VM Version : 11.0.7
 - Git 544a8d4 - [maven-release-plugin] prepare release 0.16.2
Jun 17, 2021 9:52:21 AM org.eclipse.lemminx.XMLLanguageServer initialize
INFO: Initializing XML Language server
LemMinX Server info:
 - Version : 0.16.2
 - Java : C:\Program Files\AdoptOpenJDK\jdk-11.0.7.10-hotspot
 - VM Version : 11.0.7
 - Git 544a8d4 - [maven-release-plugin] prepare release 0.16.2
Jun 17, 2021 9:53:22 AM org.eclipse.lemminx.XMLLanguageServer initialize
INFO: Initializing XML Language server
LemMinX Server info:
 - Version : 0.16.2
 - Java : C:\Program Files\AdoptOpenJDK\jdk-11.0.7.10-hotspot
 - VM Version : 11.0.7
 - Git 544a8d4 - [maven-release-plugin] prepare release 0.16.2
Jun 17, 2021 9:54:23 AM org.eclipse.lemminx.XMLLanguageServer initialize
INFO: Initializing XML Language server
LemMinX Server info:
 - Version : 0.16.2
 - Java : C:\Program Files\AdoptOpenJDK\jdk-11.0.7.10-hotspot
 - VM Version : 11.0.7
 - Git 544a8d4 - [maven-release-plugin] prepare release 0.16.2
Jun 17, 2021 9:55:24 AM org.eclipse.lemminx.XMLLanguageServer initialize
INFO: Initializing XML Language server
LemMinX Server info:
 - Version : 0.16.2
 - Java : C:\Program Files\AdoptOpenJDK\jdk-11.0.7.10-hotspot
 - VM Version : 11.0.7
 - Git 544a8d4 - [maven-release-plugin] prepare release 0.16.2
Jun 17, 2021 9:56:25 AM org.eclipse.lemminx.XMLLanguageServer initialize
INFO: Initializing XML Language server
LemMinX Server info:
 - Version : 0.16.2
 - Java : C:\Program Files\AdoptOpenJDK\jdk-11.0.7.10-hotspot
 - VM Version : 11.0.7
 - Git 544a8d4 - [maven-release-plugin] prepare release 0.16.2
Jun 17, 2021 9:57:26 AM org.eclipse.lemminx.XMLLanguageServer initialize
INFO: Initializing XML Language server
LemMinX Server info:
 - Version : 0.16.2
 - Java : C:\Program Files\AdoptOpenJDK\jdk-11.0.7.10-hotspot
 - VM Version : 11.0.7
 - Git 544a8d4 - [maven-release-plugin] prepare release 0.16.2
Jun 17, 2021 9:58:27 AM org.eclipse.lemminx.XMLLanguageServer initialize
INFO: Initializing XML Language server
LemMinX Server info:
 - Version : 0.16.2
 - Java : C:\Program Files\AdoptOpenJDK\jdk-11.0.7.10-hotspot
 - VM Version : 11.0.7
 - Git 544a8d4 - [maven-release-plugin] prepare release 0.16.2
Jun 17, 2021 9:59:28 AM org.eclipse.lemminx.XMLLanguageServer initialize
INFO: Initializing XML Language server
LemMinX Server info:
 - Version : 0.16.2
 - Java : C:\Program Files\AdoptOpenJDK\jdk-11.0.7.10-hotspot
 - VM Version : 11.0.7
 - Git 544a8d4 - [maven-release-plugin] prepare release 0.16.2
Jun 17, 2021 10:00:29 AM org.eclipse.lemminx.XMLLanguageServer initialize
INFO: Initializing XML Language server
LemMinX Server info:
 - Version : 0.16.2
 - Java : C:\Program Files\AdoptOpenJDK\jdk-11.0.7.10-hotspot
 - VM Version : 11.0.7
 - Git 544a8d4 - [maven-release-plugin] prepare release 0.16.2
Jun 17, 2021 10:01:30 AM org.eclipse.lemminx.XMLLanguageServer initialize
INFO: Initializing XML Language server
LemMinX Server info:
 - Version : 0.16.2
 - Java : C:\Program Files\AdoptOpenJDK\jdk-11.0.7.10-hotspot
 - VM Version : 11.0.7
 - Git 544a8d4 - [maven-release-plugin] prepare release 0.16.2
Jun 17, 2021 10:02:30 AM org.eclipse.lemminx.XMLLanguageServer initialize
INFO: Initializing XML Language server
LemMinX Server info:
 - Version : 0.16.2
 - Java : C:\Program Files\AdoptOpenJDK\jdk-11.0.7.10-hotspot
 - VM Version : 11.0.7
 - Git 544a8d4 - [maven-release-plugin] prepare release 0.16.2
Jun 17, 2021 10:03:31 AM org.eclipse.lemminx.XMLLanguageServer initialize
INFO: Initializing XML Language server
LemMinX Server info:
 - Version : 0.16.2
 - Java : C:\Program Files\AdoptOpenJDK\jdk-11.0.7.10-hotspot
 - VM Version : 11.0.7
 - Git 544a8d4 - [maven-release-plugin] prepare release 0.16.2
Jun 17, 2021 10:04:32 AM org.eclipse.lemminx.XMLLanguageServer initialize
INFO: Initializing XML Language server
LemMinX Server info:
 - Version : 0.16.2
 - Java : C:\Program Files\AdoptOpenJDK\jdk-11.0.7.10-hotspot
 - VM Version : 11.0.7
 - Git 544a8d4 - [maven-release-plugin] prepare release 0.16.2
Jun 17, 2021 10:05:33 AM org.eclipse.lemminx.XMLLanguageServer initialize
INFO: Initializing XML Language server
LemMinX Server info:
 - Version : 0.16.2
 - Java : C:\Program Files\AdoptOpenJDK\jdk-11.0.7.10-hotspot
 - VM Version : 11.0.7
 - Git 544a8d4 - [maven-release-plugin] prepare release 0.16.2
Jun 17, 2021 10:06:34 AM org.eclipse.lemminx.XMLLanguageServer initialize
INFO: Initializing XML Language server
LemMinX Server info:
 - Version : 0.16.2
 - Java : C:\Program Files\AdoptOpenJDK\jdk-11.0.7.10-hotspot
 - VM Version : 11.0.7
 - Git 544a8d4 - [maven-release-plugin] prepare release 0.16.2
Jun 17, 2021 10:07:35 AM org.eclipse.lemminx.XMLLanguageServer initialize
INFO: Initializing XML Language server
LemMinX Server info:
 - Version : 0.16.2
 - Java : C:\Program Files\AdoptOpenJDK\jdk-11.0.7.10-hotspot
 - VM Version : 11.0.7
 - Git 544a8d4 - [maven-release-plugin] prepare release 0.16.2
Feb 16, 2022 1:39:09 PM org.eclipse.lemminx.XMLLanguageServer initialize
INFO: Initializing XML Language server
LemMinX Server info:
 - Version : 0.18.2
 - Native Image
 - VM Version : 11.0.9
 - Git [Branch 7d0b2f7bda0209abb65f28b975d86a617f613fe2] 7d0b2f7 - [maven-release-plugin] prepare release 0.18.2
Feb 16, 2022 1:43:09 PM org.eclipse.lsp4j.jsonrpc.services.GenericEndpoint notify
INFO: Unsupported notification method: $/setTrace
