{"name":"sfdx","hostname":"jharris10252012","pid":16812,"log":"Run","level":50,"msg":"[ '\\u001b[1mERROR running force:lightning:lwc:test:run: \\u001b[22m',\n  '\\u001b[31mThis command is required to run from within an SFDX project.\\u001b[39m' ]","time":"2020-07-02T15:52:07.296Z","v":0}
{"name":"sfdx","hostname":"jharris10252012","pid":21636,"log":"TelemetryReporter","level":40,"msg":"Connection to https://dc.services.visualstudio.com timed out after 1000 ms","time":"2020-07-02T15:52:08.909Z","v":0}
{"name":"sfdx","hostname":"jharris10252012","pid":23784,"log":"Run","level":50,"msg":"[ '\\u001b[1mERROR running force:lightning:lwc:test:run: \\u001b[22m',\n  '\\u001b[31mThis command is required to run from within an SFDX project.\\u001b[39m' ]","time":"2020-07-02T15:52:34.180Z","v":0}
{"name":"sfdx","hostname":"jharris10252012","pid":15960,"log":"Start","level":50,"msg":"[ '\\u001b[1mERROR running force:lightning:lwc:start: \\u001b[22m',\n  '\\u001b[31mThis command is required to run from within an SFDX project.\\u001b[39m' ]","time":"2020-07-02T15:54:49.935Z","v":0}
{"name":"sfdx","hostname":"jharris10252012","pid":24104,"log":"Start","level":50,"msg":"[ '\\u001b[1mERROR running force:lightning:lwc:start: \\u001b[22m',\n  '\\u001b[31mThis command is required to run from within an SFDX project.\\u001b[39m' ]","time":"2020-07-02T15:57:45.517Z","v":0}
{"name":"sfdx","hostname":"jharris10252012","pid":18460,"log":"Start","level":50,"msg":"[ '\\u001b[1mERROR running force:lightning:lwc:start: \\u001b[22m',\n  '\\u001b[31mThis command is required to run from within an SFDX project.\\u001b[39m' ]","time":"2020-07-02T16:00:07.056Z","v":0}
{"name":"sfdx","hostname":"jharris10252012","pid":5484,"log":"AuthWebLoginCommand","level":50,"msg":"[ 'ERROR running force:auth:web:login: ',\n  'Cannot start the OAuth redirect server on port PortInUseAction.',\n  '\\n\\nTry this:',\n  '\\nKill the process running on port 1717 or use a custom connected app and update OauthLocalPort in the sfdx-project.json file.' ]","time":"2020-07-02T16:48:15.650Z","v":0}
{"name":"sfdx","hostname":"jharris10252012","pid":9504,"level":60,"msg":"","time":"2020-09-15T13:21:47.799Z","v":0}
{"name":"sfdx","hostname":"jharris10252012","pid":15344,"level":60,"code":"ERR_INVALID_ARG_TYPE","msg":"","time":"2020-11-05T21:04:29.017Z","v":0}
{"name":"sfdx","hostname":"jharris10252012","pid":13472,"log":"Set","level":50,"msg":"[\n  'ERROR running config:set: ',\n  'No AuthInfo found for name devprov1,Dev2'\n]","time":"2021-01-27T04:37:33.535Z","v":0}
{"name":"sfdx","hostname":"jharris10252012","pid":15332,"log":"Set","level":50,"msg":"[\n  'ERROR running config:set: ',\n  'No AuthInfo found for name devprov1,Dev2,devproj_jlh'\n]","time":"2021-01-27T15:41:24.244Z","v":0}
{"name":"sfdx","hostname":"jharris10252012","pid":15608,"log":"SfdxProjectJson","level":40,"msg":"The config file: C:\\Users\\jharris\\.sfdx\\sfdx-project.json is not schema valid\nDue to: Validation errors:\nshould have required property 'packageDirectories'","time":"2021-02-01T20:30:36.042Z","v":0}
{"name":"sfdx","hostname":"jharris10252012","pid":15608,"log":"SfdxProjectJson","level":40,"msg":"The config file: C:\\Users\\jharris\\.sfdx\\sfdx-project.json is not schema valid\nDue to: Validation errors:\nshould have required property 'packageDirectories'","time":"2021-02-01T20:30:36.045Z","v":0}
{"name":"sfdx","hostname":"jharris10252012","pid":15144,"log":"SfdxProjectJson","level":40,"msg":"The config file: C:\\Users\\jharris\\.sfdx\\sfdx-project.json is not schema valid\nDue to: Validation errors:\nshould have required property 'packageDirectories'","time":"2021-02-01T20:51:10.923Z","v":0}
{"name":"sfdx","hostname":"jharris10252012","pid":15144,"log":"SfdxProjectJson","level":40,"msg":"The config file: C:\\Users\\jharris\\.sfdx\\sfdx-project.json is not schema valid\nDue to: Validation errors:\nshould have required property 'packageDirectories'","time":"2021-02-01T20:51:10.928Z","v":0}
{"name":"sfdx","hostname":"jharris10252012","pid":14764,"log":"SfdxProjectJson","level":40,"msg":"The config file: C:\\Users\\jharris\\.sfdx\\sfdx-project.json is not schema valid\nDue to: Validation errors:\nshould have required property 'packageDirectories'","time":"2021-02-01T20:51:25.140Z","v":0}
{"name":"sfdx","hostname":"jharris10252012","pid":14764,"log":"SfdxProjectJson","level":40,"msg":"The config file: C:\\Users\\jharris\\.sfdx\\sfdx-project.json is not schema valid\nDue to: Validation errors:\nshould have required property 'packageDirectories'","time":"2021-02-01T20:51:25.144Z","v":0}
{"name":"sfdx","hostname":"jharris10252012","pid":15920,"log":"SfdxProjectJson","level":40,"msg":"The config file: C:\\Users\\jharris\\.sfdx\\sfdx-project.json is not schema valid\nDue to: Validation errors:\nshould have required property 'packageDirectories'","time":"2021-02-01T20:52:08.415Z","v":0}
{"name":"sfdx","hostname":"jharris10252012","pid":15920,"log":"SfdxProjectJson","level":40,"msg":"The config file: C:\\Users\\jharris\\.sfdx\\sfdx-project.json is not schema valid\nDue to: Validation errors:\nshould have required property 'packageDirectories'","time":"2021-02-01T20:52:08.418Z","v":0}
{"name":"sfdx","hostname":"jharris10252012","pid":2592,"log":"SfdxProjectJson","level":40,"msg":"The config file: C:\\Users\\jharris\\.sfdx\\sfdx-project.json is not schema valid\nDue to: Validation errors:\nshould have required property 'packageDirectories'","time":"2021-02-01T20:54:27.511Z","v":0}
{"name":"sfdx","hostname":"jharris10252012","pid":2592,"log":"SfdxProjectJson","level":40,"msg":"The config file: C:\\Users\\jharris\\.sfdx\\sfdx-project.json is not schema valid\nDue to: Validation errors:\nshould have required property 'packageDirectories'","time":"2021-02-01T20:54:27.516Z","v":0}
{"name":"sfdx","hostname":"jharris10252012","pid":15192,"log":"SfdxProjectJson","level":40,"msg":"The config file: C:\\Users\\jharris\\.sfdx\\sfdx-project.json is not schema valid\nDue to: Validation errors:\nshould have required property 'packageDirectories'","time":"2021-02-01T22:04:53.075Z","v":0}
{"name":"sfdx","hostname":"jharris10252012","pid":15192,"log":"SfdxProjectJson","level":40,"msg":"The config file: C:\\Users\\jharris\\.sfdx\\sfdx-project.json is not schema valid\nDue to: Validation errors:\nshould have required property 'packageDirectories'","time":"2021-02-01T22:04:53.079Z","v":0}
{"name":"sfdx","hostname":"jharris10252012","pid":17852,"log":"SfdxProjectJson","level":40,"msg":"The config file: C:\\Users\\jharris\\.sfdx\\sfdx-project.json is not schema valid\nDue to: Validation errors:\nshould have required property 'packageDirectories'","time":"2021-02-01T22:09:01.064Z","v":0}
{"name":"sfdx","hostname":"jharris10252012","pid":17852,"log":"SfdxProjectJson","level":40,"msg":"The config file: C:\\Users\\jharris\\.sfdx\\sfdx-project.json is not schema valid\nDue to: Validation errors:\nshould have required property 'packageDirectories'","time":"2021-02-01T22:09:01.067Z","v":0}
{"name":"sfdx","hostname":"jharris10252012","pid":8620,"log":"SfdxProjectJson","level":40,"msg":"The config file: C:\\Users\\jharris\\.sfdx\\sfdx-project.json is not schema valid\nDue to: Validation errors:\nshould have required property 'packageDirectories'","time":"2021-02-01T22:15:54.279Z","v":0}
{"name":"sfdx","hostname":"jharris10252012","pid":8620,"log":"SfdxProjectJson","level":40,"msg":"The config file: C:\\Users\\jharris\\.sfdx\\sfdx-project.json is not schema valid\nDue to: Validation errors:\nshould have required property 'packageDirectories'","time":"2021-02-01T22:15:54.283Z","v":0}
{"name":"sfdx","hostname":"jharris10252012","pid":11808,"log":"SfdxProjectJson","level":40,"msg":"The config file: C:\\Users\\jharris\\.sfdx\\sfdx-project.json is not schema valid\nDue to: Validation errors:\nshould have required property 'packageDirectories'","time":"2021-02-01T22:19:32.507Z","v":0}
{"name":"sfdx","hostname":"jharris10252012","pid":11808,"log":"SfdxProjectJson","level":40,"msg":"The config file: C:\\Users\\jharris\\.sfdx\\sfdx-project.json is not schema valid\nDue to: Validation errors:\nshould have required property 'packageDirectories'","time":"2021-02-01T22:19:32.510Z","v":0}
{"name":"sfdx","hostname":"jharris10252012","pid":5516,"log":"SfdxProjectJson","level":40,"msg":"The config file: C:\\Users\\jharris\\.sfdx\\sfdx-project.json is not schema valid\nDue to: Validation errors:\nshould have required property 'packageDirectories'","time":"2021-02-01T22:36:42.502Z","v":0}
{"name":"sfdx","hostname":"jharris10252012","pid":5516,"log":"SfdxProjectJson","level":40,"msg":"The config file: C:\\Users\\jharris\\.sfdx\\sfdx-project.json is not schema valid\nDue to: Validation errors:\nshould have required property 'packageDirectories'","time":"2021-02-01T22:36:42.505Z","v":0}
{"name":"sfdx","hostname":"jharris10252012","pid":16352,"log":"TelemetryReporter","level":40,"msg":"Connection to https://dc.services.visualstudio.com timed out after 1000 ms","time":"2021-02-12T19:38:05.826Z","v":0}
{"name":"sfdx","hostname":"jharris10252012","pid":9580,"log":"TelemetryReporter","level":40,"msg":"Connection to https://dc.services.visualstudio.com timed out after 1000 ms","time":"2021-02-23T00:50:16.498Z","v":0}
{"name":"sfdx","hostname":"jharris10252012","pid":17816,"log":"TelemetryReporter","level":40,"msg":"Connection to https://dc.services.visualstudio.com timed out after 1000 ms","time":"2021-03-03T05:17:53.005Z","v":0}
{"name":"sfdx","hostname":"jharris10252012","pid":7440,"log":"TelemetryReporter","level":40,"msg":"Connection to https://dc.services.visualstudio.com timed out after 1000 ms","time":"2021-03-04T20:18:01.271Z","v":0}
{"name":"sfdx","hostname":"jharris10252012","pid":824,"log":"TelemetryReporter","level":40,"msg":"Connection to https://dc.services.visualstudio.com timed out after 1000 ms","time":"2021-03-04T22:03:18.926Z","v":0}
{"name":"sfdx","hostname":"jharris10252012","pid":13080,"log":"SfdxProjectJson","level":40,"msg":"The config file: C:\\Users\\jharris\\.sfdx\\sfdx-project.json is not schema valid\nDue to: Validation errors:\nshould have required property 'packageDirectories'","time":"2021-03-11T20:36:23.496Z","v":0}
{"name":"sfdx","hostname":"jharris10252012","pid":13080,"log":"SfdxProjectJson","level":40,"msg":"The config file: C:\\Users\\jharris\\.sfdx\\sfdx-project.json is not schema valid\nDue to: Validation errors:\nshould have required property 'packageDirectories'","time":"2021-03-11T20:36:23.499Z","v":0}
{"name":"sfdx","hostname":"jharris10252012","pid":13080,"log":"SourceRetrieveCommand","level":50,"msg":"[\n  'ERROR running force:source:retrieve: ',\n  \"ENOTEMPTY: directory not empty, rmdir 'c:\\\\Users\\\\jharris\\\\NTTDATA\\\\NTT ASSETS\\\\FleetPride\\\\local\\\\jlh_devpro_02242021\\\\force-app\\\\main\\\\default\\\\staticresources\\\\CC_FPD_Theme'\"\n]","time":"2021-03-11T20:36:23.506Z","v":0}
{"name":"sfdx","hostname":"jharris10252012","pid":11648,"log":"SfdxProjectJson","level":40,"msg":"The config file: C:\\Users\\jharris\\.sfdx\\sfdx-project.json is not schema valid\nDue to: Validation errors:\nshould have required property 'packageDirectories'","time":"2021-03-11T21:17:38.826Z","v":0}
{"name":"sfdx","hostname":"jharris10252012","pid":11648,"log":"SfdxProjectJson","level":40,"msg":"The config file: C:\\Users\\jharris\\.sfdx\\sfdx-project.json is not schema valid\nDue to: Validation errors:\nshould have required property 'packageDirectories'","time":"2021-03-11T21:17:38.831Z","v":0}
{"name":"sfdx","hostname":"jharris10252012","pid":11648,"log":"SourceRetrieveCommand","level":50,"msg":"[\n  'ERROR running force:source:retrieve: ',\n  'The specified metadata type is unsupported: [Apexpage]'\n]","time":"2021-03-11T21:17:38.838Z","v":0}
